Engine-Match Saturday, February 26, 2022 12:54:25 AM
 Blitz 0:10/1 

Pairing 11/253 :    Tornado  -  Andscacs

PGN-File: C:\Program Files (x86)\Arena\Tournaments\Season1_League_ALL.pgn

No:  B/W 1/2     W:B       1:2           Time        Value Moves Dep 1:2       1-2-Draws
   1 = =    0.5:0.5        0.5:0.5       12:58:19 AM    -0.01    95 14.984 :18.228  0-0-1

--------------------------------------------------------------

Engine-Match Saturday, February 26, 2022 12:58:22 AM
 Blitz 0:10/1 

Pairing 12/253 :    Expo-skylake-skylake  -  Strelka6

PGN-File: C:\Program Files (x86)\Arena\Tournaments\Season1_League_ALL.pgn

No:  B/W 1/2     W:B       1:2           Time        Value Moves Dep 1:2       1-2-Draws
   1 B 2    1.0:0.0        0.0:1.0       1:00:18 AM   -14.22    45 10.867 :12.932  0-1-0

--------------------------------------------------------------

Engine-Match Saturday, February 26, 2022 1:00:21 AM
 Blitz 0:10/1 

Pairing 22/253 :    Stash-32.0-windows-x86_64-bmi2  -  Tornado

PGN-File: C:\Program Files (x86)\Arena\Tournaments\Season1_League_ALL.pgn

No:  B/W 1/2     W:B       1:2           Time        Value Moves Dep 1:2       1-2-Draws
   1 W 1    1.0:0.0        1.0:0.0       1:03:27 AM   +14.48    72 18.609 :13.870  1-0-0

--------------------------------------------------------------

Engine-Match Saturday, February 26, 2022 1:03:30 AM
 Blitz 0:10/1 

Pairing 24/253 :    Rebel-14.1-avx2  -  Expo-skylake-skylake

PGN-File: C:\Program Files (x86)\Arena\Tournaments\Season1_League_ALL.pgn

No:  B/W 1/2     W:B       1:2           Time        Value Moves Dep 1:2       1-2-Draws
   1 W 1    1.0:0.0        1.0:0.0       1:06:56 AM   +10.82    83 14.883 :11.697  1-0-0

--------------------------------------------------------------

Engine-Match Saturday, February 26, 2022 1:06:59 AM
 Blitz 0:10/1 

Pairing 32/253 :    Tornado  -  Nirvanachess (64-Bit Popcount)

PGN-File: C:\Program Files (x86)\Arena\Tournaments\Season1_League_ALL.pgn

No:  B/W 1/2     W:B       1:2           Time        Value Moves Dep 1:2       1-2-Draws
   1 B 2    1.0:0.0        0.0:1.0       1:09:04 AM   -13.76    48 14.029 :16.571  0-1-0

--------------------------------------------------------------

Engine-Match Saturday, February 26, 2022 1:09:07 AM
 Blitz 0:10/1 

Pairing 36/253 :    Expo-skylake-skylake  -  Darktoga_avx2

PGN-File: C:\Program Files (x86)\Arena\Tournaments\Season1_League_ALL.pgn

No:  B/W 1/2     W:B       1:2           Time        Value Moves Dep 1:2       1-2-Draws
   1 B 2    1.0:0.0        0.0:1.0       1:13:40 AM   -10.94   108 11.340 :14.391  0-1-0

--------------------------------------------------------------

Engine-Match Saturday, February 26, 2022 1:13:43 AM
 Blitz 0:10/1 

Pairing 42/253 :    Fizbo.2.64bit  -  Tornado

PGN-File: C:\Program Files (x86)\Arena\Tournaments\Season1_League_ALL.pgn

No:  B/W 1/2     W:B       1:2           Time        Value Moves Dep 1:2       1-2-Draws
   1 W 1    1.0:0.0        1.0:0.0       1:16:33 AM     +M22    65 14.381 :13.364  1-0-0

--------------------------------------------------------------

Engine-Match Saturday, February 26, 2022 1:16:36 AM
 Blitz 0:10/1 

Pairing 48/253 :    Critter_1.6a_64bit  -  Expo-skylake-skylake

PGN-File: C:\Program Files (x86)\Arena\Tournaments\Season1_League_ALL.pgn

No:  B/W 1/2     W:B       1:2           Time        Value Moves Dep 1:2       1-2-Draws
   1 B 2    1.0:0.0        0.0:1.0       1:20:40 AM     -M11    93 15.467 :11.957  0-1-0

--------------------------------------------------------------

Engine-Match Saturday, February 26, 2022 1:20:43 AM
 Blitz 0:10/1 

Pairing 52/253 :    Tornado  -  Drofa_3.3.0_popcnt

PGN-File: C:\Program Files (x86)\Arena\Tournaments\Season1_League_ALL.pgn

No:  B/W 1/2     W:B       1:2           Time        Value Moves Dep 1:2       1-2-Draws
   1 = =    0.5:0.5        0.5:0.5       1:21:58 AM     0.00    30 14.292 :16.458  0-0-1

--------------------------------------------------------------

Engine-Match Saturday, February 26, 2022 1:22:02 AM
 Blitz 0:10/1 

Pairing 60/253 :    Expo-skylake-skylake  -  Beef_0.3.6_popcnt

PGN-File: C:\Program Files (x86)\Arena\Tournaments\Season1_League_ALL.pgn

No:  B/W 1/2     W:B       1:2           Time        Value Moves Dep 1:2       1-2-Draws
   1 B 2    1.0:0.0        0.0:1.0       1:24:13 AM   -16.10    49 10.792 :20.438  0-1-0

--------------------------------------------------------------

Engine-Match Saturday, February 26, 2022 1:24:16 AM
 Blitz 0:10/1 

Pairing 62/253 :    ClassicAra  -  Tornado

PGN-File: C:\Program Files (x86)\Arena\Tournaments\Season1_League_ALL.pgn

No:  B/W 1/2     W:B       1:2           Time        Value Moves Dep 1:2       1-2-Draws
   1 = =    0.5:0.5        0.5:0.5       1:26:37 AM     0.00    53 14.929 :13.852  0-0-1

--------------------------------------------------------------

Engine-Match Saturday, February 26, 2022 1:26:40 AM
 Blitz 0:10/1 

Pairing 72/253 :    Tornado  -  Expo-skylake-skylake

PGN-File: C:\Program Files (x86)\Arena\Tournaments\Season1_League_ALL.pgn

No:  B/W 1/2     W:B       1:2           Time        Value Moves Dep 1:2       1-2-Draws
   1 W 1    1.0:0.0        1.0:0.0       1:29:56 AM   +20.57    74 14.000 :11.533  1-0-0

--------------------------------------------------------------

Engine-Match Saturday, February 26, 2022 1:30:00 AM
 Blitz 0:10/1 

Pairing 82/253 :    Strelka6  -  Tornado

PGN-File: C:\Program Files (x86)\Arena\Tournaments\Season1_League_ALL.pgn

No:  B/W 1/2     W:B       1:2           Time        Value Moves Dep 1:2       1-2-Draws
   1 W 1    1.0:0.0        1.0:0.0       1:32:51 AM     +M12    68 14.086 :14.743  1-0-0

--------------------------------------------------------------

Engine-Match Saturday, February 26, 2022 1:32:54 AM
 Blitz 0:10/1 

Pairing 84/253 :    Expo-skylake-skylake  -  Winter_0.9_New

PGN-File: C:\Program Files (x86)\Arena\Tournaments\Season1_League_ALL.pgn

No:  B/W 1/2     W:B       1:2           Time        Value Moves Dep 1:2       1-2-Draws
   1 = =    0.5:0.5        0.5:0.5       1:35:15 AM     0.00    53 11.444 :15.269  0-0-1

--------------------------------------------------------------

Engine-Match Saturday, February 26, 2022 1:35:18 AM
 Blitz 0:10/1 

Pairing 92/253 :    Tornado  -  Rebel-14.1-avx2

PGN-File: C:\Program Files (x86)\Arena\Tournaments\Season1_League_ALL.pgn

No:  B/W 1/2     W:B       1:2           Time        Value Moves Dep 1:2       1-2-Draws
   1 = =    0.5:0.5        0.5:0.5       1:37:41 AM     0.00    55 15.120 :15.000  0-0-1

--------------------------------------------------------------

Engine-Match Saturday, February 26, 2022 1:37:44 AM
 Blitz 0:10/1 

Pairing 96/253 :    Blackmarlin-popcnt-avx2  -  Expo-skylake-skylake

PGN-File: C:\Program Files (x86)\Arena\Tournaments\Season1_League_ALL.pgn

No:  B/W 1/2     W:B       1:2           Time        Value Moves Dep 1:2       1-2-Draws
   1 = =    0.5:0.5        0.5:0.5       1:40:40 AM     0.00    64 16.234 :11.317  0-0-1

--------------------------------------------------------------

Engine-Match Saturday, February 26, 2022 1:40:43 AM
 Blitz 0:10/1 

Pairing 102/253 :    Darktoga_avx2  -  Tornado

PGN-File: C:\Program Files (x86)\Arena\Tournaments\Season1_League_ALL.pgn

No:  B/W 1/2     W:B       1:2           Time        Value Moves Dep 1:2       1-2-Draws
   1 = =    0.5:0.5        0.5:0.5       1:45:18 AM     0.00   107 14.306 :13.647  0-0-1

--------------------------------------------------------------

Engine-Match Saturday, February 26, 2022 1:45:21 AM
 Blitz 0:10/1 

Pairing 108/253 :    Expo-skylake-skylake  -  EngineDeepShredder13UCIx64

PGN-File: C:\Program Files (x86)\Arena\Tournaments\Season1_League_ALL.pgn

No:  B/W 1/2     W:B       1:2           Time        Value Moves Dep 1:2       1-2-Draws
   1 = =    0.5:0.5        0.5:0.5       1:49:36 AM     0.00    96 11.511 :18.022  0-0-1

--------------------------------------------------------------

Engine-Match Saturday, February 26, 2022 1:49:39 AM
 Blitz 0:10/1 

Pairing 112/253 :    Tornado  -  Critter_1.6a_64bit

PGN-File: C:\Program Files (x86)\Arena\Tournaments\Season1_League_ALL.pgn

No:  B/W 1/2     W:B       1:2           Time        Value Moves Dep 1:2       1-2-Draws
   1 B 2    1.0:0.0        0.0:1.0       1:51:30 AM   -13.95    43 13.512 :14.167  0-1-0

--------------------------------------------------------------

Engine-Match Saturday, February 26, 2022 1:51:33 AM
 Blitz 0:10/1 

Pairing 120/253 :    Demolito_pext  -  Expo-skylake-skylake

PGN-File: C:\Program Files (x86)\Arena\Tournaments\Season1_League_ALL.pgn

No:  B/W 1/2     W:B       1:2           Time        Value Moves Dep 1:2       1-2-Draws
   1 W 1    1.0:0.0        1.0:0.0       1:54:15 AM   +15.10    60 16.810 :11.950  1-0-0

--------------------------------------------------------------

Engine-Match Saturday, February 26, 2022 1:54:28 AM
 Blitz 0:10/1 

Pairing 122/253 :    Beef_0.3.6_popcnt  -  Tornado

PGN-File: C:\Program Files (x86)\Arena\Tournaments\Season1_League_ALL.pgn

No:  B/W 1/2     W:B       1:2           Time        Value Moves Dep 1:2       1-2-Draws
   1 = =    0.5:0.5        0.5:0.5       1:57:22 AM     0.00    69 19.735 :14.061  0-0-1

--------------------------------------------------------------

Engine-Match Saturday, February 26, 2022 1:57:25 AM
 Blitz 0:10/1 

Pairing 132/253 :    Expo-skylake-skylake  -  Chiron-4-64bit

PGN-File: C:\Program Files (x86)\Arena\Tournaments\Season1_League_ALL.pgn

No:  B/W 1/2     W:B       1:2           Time        Value Moves Dep 1:2       1-2-Draws
   1 W 1    1.0:0.0        1.0:0.0       2:00:10 AM   +14.06    58 11.172 :14.241  1-0-0

--------------------------------------------------------------

Engine-Match Saturday, February 26, 2022 2:00:13 AM
 Blitz 0:10/1 

Pairing 143/253 :    Gull 3 x64 BMI2  -  Expo-skylake-skylake

PGN-File: C:\Program Files (x86)\Arena\Tournaments\Season1_League_ALL.pgn

No:  B/W 1/2     W:B       1:2           Time        Value Moves Dep 1:2       1-2-Draws
   1 = =    0.5:0.5        0.5:0.5       2:02:38 AM     0.00    54 13.420 :11.571  0-0-1

--------------------------------------------------------------

Engine-Match Saturday, February 26, 2022 2:02:41 AM
 Blitz 0:10/1 

Pairing 144/253 :    Tornado  -  Winter_0.9_New

PGN-File: C:\Program Files (x86)\Arena\Tournaments\Season1_League_ALL.pgn

No:  B/W 1/2     W:B       1:2           Time        Value Moves Dep 1:2       1-2-Draws
   1 = =    0.5:0.5        0.5:0.5       2:04:02 AM     0.00    30 14.724 :16.367  0-0-1

--------------------------------------------------------------

Engine-Match Saturday, February 26, 2022 2:04:05 AM
 Blitz 0:10/1 

Pairing 153/253 :    Expo-skylake-skylake  -  Roc_TCEC19_5

PGN-File: C:\Program Files (x86)\Arena\Tournaments\Season1_League_ALL.pgn

No:  B/W 1/2     W:B       1:2           Time        Value Moves Dep 1:2       1-2-Draws
   1 B 2    1.0:0.0        0.0:1.0       2:06:40 AM   -14.12    58 11.517 :13.526  0-1-0

--------------------------------------------------------------

Engine-Match Saturday, February 26, 2022 2:06:43 AM
 Blitz 0:10/1 

Pairing 156/253 :    Blackmarlin-popcnt-avx2  -  Tornado

PGN-File: C:\Program Files (x86)\Arena\Tournaments\Season1_League_ALL.pgn

No:  B/W 1/2     W:B       1:2           Time        Value Moves Dep 1:2       1-2-Draws
   1 = =    0.5:0.5        0.5:0.5       2:12:44 AM    +0.10   143 17.300 :13.900  0-0-1

--------------------------------------------------------------

Engine-Match Saturday, February 26, 2022 2:12:47 AM
 Blitz 0:10/1 

Pairing 163/253 :    LGEvolution_NN_3.15.3  -  Expo-skylake-skylake

PGN-File: C:\Program Files (x86)\Arena\Tournaments\Season1_League_ALL.pgn

No:  B/W 1/2     W:B       1:2           Time        Value Moves Dep 1:2       1-2-Draws
   1 W 1    1.0:0.0        1.0:0.0       2:16:29 AM    +9.94    86 12.837 :11.137  1-0-0

--------------------------------------------------------------

Engine-Match Saturday, February 26, 2022 2:16:32 AM
 Blitz 0:10/1 

Pairing 168/253 :    Tornado  -  EngineDeepShredder13UCIx64

PGN-File: C:\Program Files (x86)\Arena\Tournaments\Season1_League_ALL.pgn

No:  B/W 1/2     W:B       1:2           Time        Value Moves Dep 1:2       1-2-Draws
   1 W 1    1.0:0.0        1.0:0.0       2:18:33 AM    +9.98    46 14.500 :19.575  1-0-0

--------------------------------------------------------------

Engine-Match Saturday, February 26, 2022 2:18:36 AM
 Blitz 0:10/1 

Pairing 173/253 :    Expo-skylake-skylake  -  Danasah90_64bit_avx2

PGN-File: C:\Program Files (x86)\Arena\Tournaments\Season1_League_ALL.pgn

No:  B/W 1/2     W:B       1:2           Time        Value Moves Dep 1:2       1-2-Draws
   1 = =    0.5:0.5        0.5:0.5       2:23:35 AM    +0.12   118 11.318 :15.636  0-0-1

--------------------------------------------------------------

Engine-Match Saturday, February 26, 2022 2:23:38 AM
 Blitz 0:10/1 

Pairing 180/253 :    Demolito_pext  -  Tornado

PGN-File: C:\Program Files (x86)\Arena\Tournaments\Season1_League_ALL.pgn

No:  B/W 1/2     W:B       1:2           Time        Value Moves Dep 1:2       1-2-Draws
   1 = =    0.5:0.5        0.5:0.5       2:26:49 AM    +1.20    79 15.968 :14.300  0-0-1

--------------------------------------------------------------

Engine-Match Saturday, February 26, 2022 2:26:52 AM
 Blitz 0:10/1 

Pairing 183/253 :    Caissa_0.4_x64_BMI2  -  Expo-skylake-skylake

PGN-File: C:\Program Files (x86)\Arena\Tournaments\Season1_League_ALL.pgn

No:  B/W 1/2     W:B       1:2           Time        Value Moves Dep 1:2       1-2-Draws
   1 W 1    1.0:0.0        1.0:0.0       2:29:29 AM   +13.43    58 12.721 :11.488  1-0-0

--------------------------------------------------------------

Engine-Match Saturday, February 26, 2022 2:29:32 AM
 Blitz 0:10/1 

Pairing 192/253 :    Tornado  -  Chiron-4-64bit

PGN-File: C:\Program Files (x86)\Arena\Tournaments\Season1_League_ALL.pgn

No:  B/W 1/2     W:B       1:2           Time        Value Moves Dep 1:2       1-2-Draws
   1 W 1    1.0:0.0        1.0:0.0       2:32:30 AM   +18.45    67 14.360 :16.083  1-0-0

--------------------------------------------------------------

Engine-Match Saturday, February 26, 2022 2:32:33 AM
 Blitz 0:10/1 

Pairing 193/253 :    Expo-skylake-skylake  -  Andscacs

PGN-File: C:\Program Files (x86)\Arena\Tournaments\Season1_League_ALL.pgn

No:  B/W 1/2     W:B       1:2           Time        Value Moves Dep 1:2       1-2-Draws
   1 W 1    1.0:0.0        1.0:0.0       2:36:02 AM      +M1    83 11.113 :16.925  1-0-0

--------------------------------------------------------------

Engine-Match Saturday, February 26, 2022 2:36:05 AM
 Blitz 0:10/1 

Pairing 203/253 :    Stash-32.0-windows-x86_64-bmi2  -  Expo-skylake-skylake

PGN-File: C:\Program Files (x86)\Arena\Tournaments\Season1_League_ALL.pgn

No:  B/W 1/2     W:B       1:2           Time        Value Moves Dep 1:2       1-2-Draws
   1 B 2    1.0:0.0        0.0:1.0       2:38:23 AM   -11.34    52 20.042 :11.826  0-1-0

--------------------------------------------------------------

Engine-Match Saturday, February 26, 2022 2:38:26 AM
 Blitz 0:10/1 

Pairing 204/253 :    Gull 3 x64 BMI2  -  Tornado

PGN-File: C:\Program Files (x86)\Arena\Tournaments\Season1_League_ALL.pgn

No:  B/W 1/2     W:B       1:2           Time        Value Moves Dep 1:2       1-2-Draws
   1 W 1    1.0:0.0        1.0:0.0       2:40:18 AM   +21.76    47 13.638 :13.913  1-0-0

--------------------------------------------------------------

Engine-Match Saturday, February 26, 2022 2:40:21 AM
 Blitz 0:10/1 

Pairing 213/253 :    Expo-skylake-skylake  -  Nirvanachess (64-Bit Popcount)

PGN-File: C:\Program Files (x86)\Arena\Tournaments\Season1_League_ALL.pgn

No:  B/W 1/2     W:B       1:2           Time        Value Moves Dep 1:2       1-2-Draws
   1 = =    0.5:0.5        0.5:0.5       2:44:09 AM     0.00    93 11.870 :17.478  0-0-1

--------------------------------------------------------------

Engine-Match Saturday, February 26, 2022 2:44:12 AM
 Blitz 0:10/1 

Pairing 216/253 :    Tornado  -  Roc_TCEC19_5

PGN-File: C:\Program Files (x86)\Arena\Tournaments\Season1_League_ALL.pgn

No:  B/W 1/2     W:B       1:2           Time        Value Moves Dep 1:2       1-2-Draws
   1 = =    0.5:0.5        0.5:0.5       2:45:45 AM     0.00    36 13.931 :13.586  0-0-1

--------------------------------------------------------------

Engine-Match Saturday, February 26, 2022 2:45:48 AM
 Blitz 0:10/1 

Pairing 223/253 :    Fizbo.2.64bit  -  Expo-skylake-skylake

PGN-File: C:\Program Files (x86)\Arena\Tournaments\Season1_League_ALL.pgn

No:  B/W 1/2     W:B       1:2           Time        Value Moves Dep 1:2       1-2-Draws
   1 = =    0.5:0.5        0.5:0.5       2:47:07 AM     0.00    28 15.071 :11.857  0-0-1

--------------------------------------------------------------

Engine-Match Saturday, February 26, 2022 2:47:10 AM
 Blitz 0:10/1 

Pairing 228/253 :    LGEvolution_NN_3.15.3  -  Tornado

PGN-File: C:\Program Files (x86)\Arena\Tournaments\Season1_League_ALL.pgn

No:  B/W 1/2     W:B       1:2           Time        Value Moves Dep 1:2       1-2-Draws
   1 = =    0.5:0.5        0.5:0.5       2:50:25 AM     0.00    76 13.310 :14.796  0-0-1

--------------------------------------------------------------

Engine-Match Saturday, February 26, 2022 2:50:28 AM
 Blitz 0:10/1 

Pairing 233/253 :    Expo-skylake-skylake  -  Drofa_3.3.0_popcnt

PGN-File: C:\Program Files (x86)\Arena\Tournaments\Season1_League_ALL.pgn

No:  B/W 1/2     W:B       1:2           Time        Value Moves Dep 1:2       1-2-Draws
   1 W 1    1.0:0.0        1.0:0.0       2:55:06 AM  +299.88   112 11.704 :15.852  1-0-0

--------------------------------------------------------------

Engine-Match Saturday, February 26, 2022 2:55:21 AM
 Blitz 0:10/1 

Pairing 240/253 :    Tornado  -  Danasah90_64bit_avx2

PGN-File: C:\Program Files (x86)\Arena\Tournaments\Season1_League_ALL.pgn

No:  B/W 1/2     W:B       1:2           Time        Value Moves Dep 1:2       1-2-Draws
   1 = =    0.5:0.5        0.5:0.5       2:58:58 AM     0.00    86 14.242 :16.091  0-0-1

--------------------------------------------------------------

Engine-Match Saturday, February 26, 2022 2:59:01 AM
 Blitz 0:10/1 

Pairing 243/253 :    ClassicAra  -  Expo-skylake-skylake

PGN-File: C:\Program Files (x86)\Arena\Tournaments\Season1_League_ALL.pgn

No:  B/W 1/2     W:B       1:2           Time        Value Moves Dep 1:2       1-2-Draws
   1 B 2    1.0:0.0        0.0:1.0       3:01:29 AM   -99.99    58 16.417 :11.565  0-1-0

--------------------------------------------------------------

Engine-Match Saturday, February 26, 2022 3:01:32 AM
 Blitz 0:10/1 

Pairing 252/253 :    Caissa_0.4_x64_BMI2  -  Tornado

PGN-File: C:\Program Files (x86)\Arena\Tournaments\Season1_League_ALL.pgn

No:  B/W 1/2     W:B       1:2           Time        Value Moves Dep 1:2       1-2-Draws
   1 = =    0.5:0.5        0.5:0.5       3:04:54 AM     0.00    77 12.552 :14.138  0-0-1

--------------------------------------------------------------

Engine-Match Saturday, February 26, 2022 3:04:57 AM
 Blitz 0:10/1 

Pairing 11/253 :    Tornado  -  Andscacs

PGN-File: C:\Program Files (x86)\Arena\Tournaments\Season1_League_ALL.pgn

No:  B/W 1/2     W:B       1:2           Time        Value Moves Dep 1:2       1-2-Draws
   2 = =    1.0:1.0        1.0:1.0       3:09:30 AM     0.00   110 14.333 :16.868  0-0-2

--------------------------------------------------------------

Engine-Match Saturday, February 26, 2022 3:09:33 AM
 Blitz 0:10/1 

Pairing 12/253 :    Expo-skylake-skylake  -  Strelka6

PGN-File: C:\Program Files (x86)\Arena\Tournaments\Season1_League_ALL.pgn

No:  B/W 1/2     W:B       1:2           Time        Value Moves Dep 1:2       1-2-Draws
   2 W 2    1.0:0.0        0.0:2.0       3:12:13 AM      +M6    62 11.583 :14.667  0-2-0

--------------------------------------------------------------

Engine-Match Saturday, February 26, 2022 3:12:16 AM
 Blitz 0:10/1 

Pairing 22/253 :    Stash-32.0-windows-x86_64-bmi2  -  Tornado

PGN-File: C:\Program Files (x86)\Arena\Tournaments\Season1_League_ALL.pgn

No:  B/W 1/2     W:B       1:2           Time        Value Moves Dep 1:2       1-2-Draws
   2 B 1    1.0:0.0        2.0:0.0       3:14:58 AM   -13.81    61 18.179 :13.552  2-0-0

--------------------------------------------------------------

Engine-Match Saturday, February 26, 2022 3:15:02 AM
 Blitz 0:10/1 

Pairing 24/253 :    Rebel-14.1-avx2  -  Expo-skylake-skylake

PGN-File: C:\Program Files (x86)\Arena\Tournaments\Season1_League_ALL.pgn

No:  B/W 1/2     W:B       1:2           Time        Value Moves Dep 1:2       1-2-Draws
   2 W 2    1.0:0.0        1.0:1.0       3:17:17 AM    +9.70    50 14.533 :11.543  1-1-0

--------------------------------------------------------------

Engine-Match Saturday, February 26, 2022 3:17:20 AM
 Blitz 0:10/1 

Pairing 32/253 :    Tornado  -  Nirvanachess (64-Bit Popcount)

PGN-File: C:\Program Files (x86)\Arena\Tournaments\Season1_League_ALL.pgn

No:  B/W 1/2     W:B       1:2           Time        Value Moves Dep 1:2       1-2-Draws
   2 W 2    1.0:0.0        0.0:2.0       3:20:29 AM     +M10    72 13.579 :15.895  0-2-0

--------------------------------------------------------------

Engine-Match Saturday, February 26, 2022 3:20:32 AM
 Blitz 0:10/1 

Pairing 36/253 :    Expo-skylake-skylake  -  Darktoga_avx2

PGN-File: C:\Program Files (x86)\Arena\Tournaments\Season1_League_ALL.pgn

No:  B/W 1/2     W:B       1:2           Time        Value Moves Dep 1:2       1-2-Draws
   2 = =    0.5:0.5        0.5:1.5       3:23:35 AM    -0.45    69 11.455 :14.182  0-1-1

--------------------------------------------------------------

Engine-Match Saturday, February 26, 2022 3:23:39 AM
 Blitz 0:10/1 

Pairing 42/253 :    Fizbo.2.64bit  -  Tornado

PGN-File: C:\Program Files (x86)\Arena\Tournaments\Season1_League_ALL.pgn

No:  B/W 1/2     W:B       1:2           Time        Value Moves Dep 1:2       1-2-Draws
   2 W 2    1.0:0.0        1.0:1.0       3:26:10 AM    +9.84    54 14.676 :13.441  1-1-0

--------------------------------------------------------------

Engine-Match Saturday, February 26, 2022 3:26:13 AM
 Blitz 0:10/1 

Pairing 48/253 :    Critter_1.6a_64bit  -  Expo-skylake-skylake

PGN-File: C:\Program Files (x86)\Arena\Tournaments\Season1_League_ALL.pgn

No:  B/W 1/2     W:B       1:2           Time        Value Moves Dep 1:2       1-2-Draws
   2 B 1    1.0:0.0        1.0:1.0       3:28:01 AM   -16.08    41 13.333 :10.683  1-1-0

--------------------------------------------------------------

Engine-Match Saturday, February 26, 2022 3:28:04 AM
 Blitz 0:10/1 

Pairing 52/253 :    Tornado  -  Drofa_3.3.0_popcnt

PGN-File: C:\Program Files (x86)\Arena\Tournaments\Season1_League_ALL.pgn

No:  B/W 1/2     W:B       1:2           Time        Value Moves Dep 1:2       1-2-Draws
   2 = =    1.0:1.0        1.0:1.0       3:29:52 AM     0.00    42 13.500 :16.286  0-0-2

--------------------------------------------------------------

Engine-Match Saturday, February 26, 2022 3:29:56 AM
 Blitz 0:10/1 

Pairing 60/253 :    Expo-skylake-skylake  -  Beef_0.3.6_popcnt

PGN-File: C:\Program Files (x86)\Arena\Tournaments\Season1_League_ALL.pgn

No:  B/W 1/2     W:B       1:2           Time        Value Moves Dep 1:2       1-2-Draws
   2 W 2    1.0:0.0        0.0:2.0       3:32:57 AM   +23.98    68 11.059 :20.044  0-2-0

--------------------------------------------------------------

Engine-Match Saturday, February 26, 2022 3:33:00 AM
 Blitz 0:10/1 

Pairing 62/253 :    ClassicAra  -  Tornado

PGN-File: C:\Program Files (x86)\Arena\Tournaments\Season1_League_ALL.pgn

No:  B/W 1/2     W:B       1:2           Time        Value Moves Dep 1:2       1-2-Draws
   2 W 2    1.5:0.5        0.5:1.5       3:35:08 AM      +M1    49 15.690 :13.535  0-1-1

--------------------------------------------------------------

Engine-Match Saturday, February 26, 2022 3:35:11 AM
 Blitz 0:10/1 

Pairing 72/253 :    Tornado  -  Expo-skylake-skylake

PGN-File: C:\Program Files (x86)\Arena\Tournaments\Season1_League_ALL.pgn

No:  B/W 1/2     W:B       1:2           Time        Value Moves Dep 1:2       1-2-Draws
   2 W 2    1.0:0.0        1.0:1.0       3:37:08 AM   +12.67    44 13.968 :11.452  1-1-0

--------------------------------------------------------------

Engine-Match Saturday, February 26, 2022 3:37:11 AM
 Blitz 0:10/1 

Pairing 82/253 :    Strelka6  -  Tornado

PGN-File: C:\Program Files (x86)\Arena\Tournaments\Season1_League_ALL.pgn

No:  B/W 1/2     W:B       1:2           Time        Value Moves Dep 1:2       1-2-Draws
   2 B 1    1.0:0.0        2.0:0.0       3:39:19 AM   -25.08    53 14.000 :13.829  2-0-0

--------------------------------------------------------------

Engine-Match Saturday, February 26, 2022 3:39:22 AM
 Blitz 0:10/1 

Pairing 84/253 :    Expo-skylake-skylake  -  Winter_0.9_New

PGN-File: C:\Program Files (x86)\Arena\Tournaments\Season1_League_ALL.pgn

No:  B/W 1/2     W:B       1:2           Time        Value Moves Dep 1:2       1-2-Draws
   2 = =    1.0:1.0        1.0:1.0       3:42:42 AM     0.00    73 11.362 :14.646  0-0-2

--------------------------------------------------------------

Engine-Match Saturday, February 26, 2022 3:42:45 AM
 Blitz 0:10/1 

Pairing 92/253 :    Tornado  -  Rebel-14.1-avx2

PGN-File: C:\Program Files (x86)\Arena\Tournaments\Season1_League_ALL.pgn

No:  B/W 1/2     W:B       1:2           Time        Value Moves Dep 1:2       1-2-Draws
   2 = =    1.0:1.0        1.0:1.0       3:44:09 AM     0.00    31 14.258 :13.839  0-0-2

--------------------------------------------------------------

Engine-Match Saturday, February 26, 2022 3:44:12 AM
 Blitz 0:10/1 

Pairing 96/253 :    Blackmarlin-popcnt-avx2  -  Expo-skylake-skylake

PGN-File: C:\Program Files (x86)\Arena\Tournaments\Season1_League_ALL.pgn

No:  B/W 1/2     W:B       1:2           Time        Value Moves Dep 1:2       1-2-Draws
   2 B 1    1.5:0.5        1.5:0.5       3:47:33 AM   -99.03    75 17.042 :11.792  1-0-1

--------------------------------------------------------------

Engine-Match Saturday, February 26, 2022 3:47:36 AM
 Blitz 0:10/1 

Pairing 102/253 :    Darktoga_avx2  -  Tornado

PGN-File: C:\Program Files (x86)\Arena\Tournaments\Season1_League_ALL.pgn

No:  B/W 1/2     W:B       1:2           Time        Value Moves Dep 1:2       1-2-Draws
   2 B 1    1.5:0.5        1.5:0.5       3:49:19 AM   -12.25    40 13.750 :13.619  1-0-1

--------------------------------------------------------------

Engine-Match Saturday, February 26, 2022 3:49:33 AM
 Blitz 0:10/1 

Pairing 108/253 :    Expo-skylake-skylake  -  EngineDeepShredder13UCIx64

PGN-File: C:\Program Files (x86)\Arena\Tournaments\Season1_League_ALL.pgn

No:  B/W 1/2     W:B       1:2           Time        Value Moves Dep 1:2       1-2-Draws
   2 W 2    1.5:0.5        0.5:1.5       3:53:08 AM      +M7    82 10.536 :19.947  0-1-1

--------------------------------------------------------------

Engine-Match Saturday, February 26, 2022 3:53:11 AM
 Blitz 0:10/1 

Pairing 112/253 :    Tornado  -  Critter_1.6a_64bit

PGN-File: C:\Program Files (x86)\Arena\Tournaments\Season1_League_ALL.pgn

No:  B/W 1/2     W:B       1:2           Time        Value Moves Dep 1:2       1-2-Draws
   2 W 2    1.0:0.0        0.0:2.0       3:55:19 AM   +22.62    51 13.596 :14.641  0-2-0

--------------------------------------------------------------

Engine-Match Saturday, February 26, 2022 3:55:22 AM
 Blitz 0:10/1 

Pairing 120/253 :    Demolito_pext  -  Expo-skylake-skylake

PGN-File: C:\Program Files (x86)\Arena\Tournaments\Season1_League_ALL.pgn

No:  B/W 1/2     W:B       1:2           Time        Value Moves Dep 1:2       1-2-Draws
   2 W 2    1.0:0.0        1.0:1.0       3:59:02 AM   +13.19    83 15.473 :10.636  1-1-0

--------------------------------------------------------------

Engine-Match Saturday, February 26, 2022 3:59:05 AM
 Blitz 0:10/1 

Pairing 122/253 :    Beef_0.3.6_popcnt  -  Tornado

PGN-File: C:\Program Files (x86)\Arena\Tournaments\Season1_League_ALL.pgn

No:  B/W 1/2     W:B       1:2           Time        Value Moves Dep 1:2       1-2-Draws
   2 W 2    1.5:0.5        0.5:1.5       4:01:16 AM   +10.26    50 19.233 :14.267  0-1-1

--------------------------------------------------------------

Engine-Match Saturday, February 26, 2022 4:01:19 AM
 Blitz 0:10/1 

Pairing 132/253 :    Expo-skylake-skylake  -  Chiron-4-64bit

PGN-File: C:\Program Files (x86)\Arena\Tournaments\Season1_League_ALL.pgn

No:  B/W 1/2     W:B       1:2           Time        Value Moves Dep 1:2       1-2-Draws
   2 = =    0.5:0.5        1.5:0.5       4:05:34 AM     0.00    94 12.148 :15.963  1-0-1

--------------------------------------------------------------

Engine-Match Saturday, February 26, 2022 4:05:37 AM
 Blitz 0:10/1 

Pairing 143/253 :    Gull 3 x64 BMI2  -  Expo-skylake-skylake

PGN-File: C:\Program Files (x86)\Arena\Tournaments\Season1_League_ALL.pgn

No:  B/W 1/2     W:B       1:2           Time        Value Moves Dep 1:2       1-2-Draws
   2 B 1    1.5:0.5        1.5:0.5       4:07:55 AM   -26.31    53 13.516 :11.677  1-0-1

--------------------------------------------------------------

Engine-Match Saturday, February 26, 2022 4:07:59 AM
 Blitz 0:10/1 

Pairing 144/253 :    Tornado  -  Winter_0.9_New

PGN-File: C:\Program Files (x86)\Arena\Tournaments\Season1_League_ALL.pgn

No:  B/W 1/2     W:B       1:2           Time        Value Moves Dep 1:2       1-2-Draws
   2 W 2    1.5:0.5        0.5:1.5       4:10:24 AM     +M15    55 14.958 :15.960  0-1-1

--------------------------------------------------------------

Engine-Match Saturday, February 26, 2022 4:10:27 AM
 Blitz 0:10/1 

Pairing 153/253 :    Expo-skylake-skylake  -  Roc_TCEC19_5

PGN-File: C:\Program Files (x86)\Arena\Tournaments\Season1_League_ALL.pgn

No:  B/W 1/2     W:B       1:2           Time        Value Moves Dep 1:2       1-2-Draws
   2 B 1    1.0:0.0        1.0:1.0       4:13:51 AM   -21.51    77 11.486 :13.474  1-1-0

--------------------------------------------------------------

Engine-Match Saturday, February 26, 2022 4:13:54 AM
 Blitz 0:10/1 

Pairing 156/253 :    Blackmarlin-popcnt-avx2  -  Tornado

PGN-File: C:\Program Files (x86)\Arena\Tournaments\Season1_League_ALL.pgn

No:  B/W 1/2     W:B       1:2           Time        Value Moves Dep 1:2       1-2-Draws
   2 = =    1.0:1.0        1.0:1.0       4:17:46 AM     0.00    90 17.611 :14.778  0-0-2

--------------------------------------------------------------

Engine-Match Saturday, February 26, 2022 4:17:49 AM
 Blitz 0:10/1 

Pairing 163/253 :    LGEvolution_NN_3.15.3  -  Expo-skylake-skylake

PGN-File: C:\Program Files (x86)\Arena\Tournaments\Season1_League_ALL.pgn

No:  B/W 1/2     W:B       1:2           Time        Value Moves Dep 1:2       1-2-Draws
   2 = =    0.5:0.5        1.5:0.5       4:19:39 AM     0.00    40 13.739 :12.036  1-0-1

--------------------------------------------------------------

Engine-Match Saturday, February 26, 2022 4:19:42 AM
 Blitz 0:10/1 

Pairing 168/253 :    Tornado  -  EngineDeepShredder13UCIx64

PGN-File: C:\Program Files (x86)\Arena\Tournaments\Season1_League_ALL.pgn

No:  B/W 1/2     W:B       1:2           Time        Value Moves Dep 1:2       1-2-Draws
   2 = =    0.5:0.5        1.5:0.5       4:21:32 AM     0.00    41 14.435 :18.208  1-0-1

--------------------------------------------------------------

Engine-Match Saturday, February 26, 2022 4:21:35 AM
 Blitz 0:10/1 

Pairing 173/253 :    Expo-skylake-skylake  -  Danasah90_64bit_avx2

PGN-File: C:\Program Files (x86)\Arena\Tournaments\Season1_League_ALL.pgn

No:  B/W 1/2     W:B       1:2           Time        Value Moves Dep 1:2       1-2-Draws
   2 = =    1.0:1.0        1.0:1.0       4:25:17 AM     0.00    83 11.565 :15.083  0-0-2

--------------------------------------------------------------

Engine-Match Saturday, February 26, 2022 4:25:20 AM
 Blitz 0:10/1 

Pairing 180/253 :    Demolito_pext  -  Tornado

PGN-File: C:\Program Files (x86)\Arena\Tournaments\Season1_League_ALL.pgn

No:  B/W 1/2     W:B       1:2           Time        Value Moves Dep 1:2       1-2-Draws
   2 = =    1.0:1.0        1.0:1.0       4:31:26 AM     0.00   149 15.818 :14.294  0-0-2

--------------------------------------------------------------

Engine-Match Saturday, February 26, 2022 4:31:29 AM
 Blitz 0:10/1 

Pairing 183/253 :    Caissa_0.4_x64_BMI2  -  Expo-skylake-skylake

PGN-File: C:\Program Files (x86)\Arena\Tournaments\Season1_League_ALL.pgn

No:  B/W 1/2     W:B       1:2           Time        Value Moves Dep 1:2       1-2-Draws
   2 = =    0.5:0.5        1.5:0.5       4:35:07 AM     0.00    81 12.245 :11.389  1-0-1

--------------------------------------------------------------

Engine-Match Saturday, February 26, 2022 4:35:10 AM
 Blitz 0:10/1 

Pairing 192/253 :    Tornado  -  Chiron-4-64bit

PGN-File: C:\Program Files (x86)\Arena\Tournaments\Season1_League_ALL.pgn

No:  B/W 1/2     W:B       1:2           Time        Value Moves Dep 1:2       1-2-Draws
   2 = =    0.5:0.5        1.5:0.5       4:36:39 AM     0.00    31 14.290 :15.742  1-0-1

--------------------------------------------------------------

Engine-Match Saturday, February 26, 2022 4:36:42 AM
 Blitz 0:10/1 

Pairing 193/253 :    Expo-skylake-skylake  -  Andscacs

PGN-File: C:\Program Files (x86)\Arena\Tournaments\Season1_League_ALL.pgn

No:  B/W 1/2     W:B       1:2           Time        Value Moves Dep 1:2       1-2-Draws
   2 = =    0.5:0.5        1.5:0.5       4:37:55 AM    +0.01    26 11.520 :19.192  1-0-1

--------------------------------------------------------------

Engine-Match Saturday, February 26, 2022 4:37:58 AM
 Blitz 0:10/1 

Pairing 203/253 :    Stash-32.0-windows-x86_64-bmi2  -  Expo-skylake-skylake

PGN-File: C:\Program Files (x86)\Arena\Tournaments\Season1_League_ALL.pgn

No:  B/W 1/2     W:B       1:2           Time        Value Moves Dep 1:2       1-2-Draws
   2 = =    0.5:0.5        0.5:1.5       4:39:52 AM     0.00    42 18.750 :11.583  0-1-1

--------------------------------------------------------------

Engine-Match Saturday, February 26, 2022 4:39:55 AM
 Blitz 0:10/1 

Pairing 204/253 :    Gull 3 x64 BMI2  -  Tornado

PGN-File: C:\Program Files (x86)\Arena\Tournaments\Season1_League_ALL.pgn

No:  B/W 1/2     W:B       1:2           Time        Value Moves Dep 1:2       1-2-Draws
   2 = =    0.5:0.5        1.5:0.5       4:42:18 AM     0.00    57 14.250 :15.189  1-0-1

--------------------------------------------------------------

Engine-Match Saturday, February 26, 2022 4:42:21 AM
 Blitz 0:10/1 

Pairing 213/253 :    Expo-skylake-skylake  -  Nirvanachess (64-Bit Popcount)

PGN-File: C:\Program Files (x86)\Arena\Tournaments\Season1_League_ALL.pgn

No:  B/W 1/2     W:B       1:2           Time        Value Moves Dep 1:2       1-2-Draws
   2 B 1    1.5:0.5        1.5:0.5       4:45:22 AM   -11.35    69 11.577 :16.074  1-0-1

--------------------------------------------------------------

Engine-Match Saturday, February 26, 2022 4:45:25 AM
 Blitz 0:10/1 

Pairing 216/253 :    Tornado  -  Roc_TCEC19_5

PGN-File: C:\Program Files (x86)\Arena\Tournaments\Season1_League_ALL.pgn

No:  B/W 1/2     W:B       1:2           Time        Value Moves Dep 1:2       1-2-Draws
   2 = =    1.0:1.0        1.0:1.0       4:50:02 AM     0.00   108 13.260 :13.100  0-0-2

--------------------------------------------------------------

Engine-Match Saturday, February 26, 2022 4:50:16 AM
 Blitz 0:10/1 

Pairing 223/253 :    Fizbo.2.64bit  -  Expo-skylake-skylake

PGN-File: C:\Program Files (x86)\Arena\Tournaments\Season1_League_ALL.pgn

No:  B/W 1/2     W:B       1:2           Time        Value Moves Dep 1:2       1-2-Draws
   2 W 2    1.5:0.5        0.5:1.5       4:52:48 AM   +26.38    55 14.567 :11.875  0-1-1

--------------------------------------------------------------

Engine-Match Saturday, February 26, 2022 4:52:51 AM
 Blitz 0:10/1 

Pairing 228/253 :    LGEvolution_NN_3.15.3  -  Tornado

PGN-File: C:\Program Files (x86)\Arena\Tournaments\Season1_League_ALL.pgn

No:  B/W 1/2     W:B       1:2           Time        Value Moves Dep 1:2       1-2-Draws
   2 = =    1.0:1.0        1.0:1.0       4:55:27 AM     0.00    60 14.037 :14.861  0-0-2

--------------------------------------------------------------

Engine-Match Saturday, February 26, 2022 4:55:30 AM
 Blitz 0:10/1 

Pairing 233/253 :    Expo-skylake-skylake  -  Drofa_3.3.0_popcnt

PGN-File: C:\Program Files (x86)\Arena\Tournaments\Season1_League_ALL.pgn

No:  B/W 1/2     W:B       1:2           Time        Value Moves Dep 1:2       1-2-Draws
   2 W 2    1.0:0.0        1.0:1.0       4:57:46 AM   +17.02    55 11.182 :16.091  1-1-0

--------------------------------------------------------------

Engine-Match Saturday, February 26, 2022 4:57:49 AM
 Blitz 0:10/1 

Pairing 240/253 :    Tornado  -  Danasah90_64bit_avx2

PGN-File: C:\Program Files (x86)\Arena\Tournaments\Season1_League_ALL.pgn

No:  B/W 1/2     W:B       1:2           Time        Value Moves Dep 1:2       1-2-Draws
   2 W 2    1.5:0.5        0.5:1.5       5:01:01 AM      +M5    72 13.552 :14.448  0-1-1

--------------------------------------------------------------

Engine-Match Saturday, February 26, 2022 5:01:05 AM
 Blitz 0:10/1 

Pairing 243/253 :    ClassicAra  -  Expo-skylake-skylake

PGN-File: C:\Program Files (x86)\Arena\Tournaments\Season1_League_ALL.pgn

No:  B/W 1/2     W:B       1:2           Time        Value Moves Dep 1:2       1-2-Draws
   2 B 1    1.0:0.0        1.0:1.0       5:04:28 AM   -98.54    75 14.867 :11.167  1-1-0

--------------------------------------------------------------

Engine-Match Saturday, February 26, 2022 5:04:31 AM
 Blitz 0:10/1 

Pairing 252/253 :    Caissa_0.4_x64_BMI2  -  Tornado

PGN-File: C:\Program Files (x86)\Arena\Tournaments\Season1_League_ALL.pgn

No:  B/W 1/2     W:B       1:2           Time        Value Moves Dep 1:2       1-2-Draws
   2 = =    1.0:1.0        1.0:1.0       5:05:40 AM     0.00    23 12.696 :15.000  0-0-2

--------------------------------------------------------------

Engine-Match Saturday, February 26, 2022 5:05:43 AM
 Blitz 0:10/1 

Pairing 11/253 :    Tornado  -  Andscacs

PGN-File: C:\Program Files (x86)\Arena\Tournaments\Season1_League_ALL.pgn

No:  B/W 1/2     W:B       1:2           Time        Value Moves Dep 1:2       1-2-Draws
   3 B 2    2.0:1.0        1.0:2.0       5:07:38 AM   -14.11    43 14.447 :18.556  0-1-2

--------------------------------------------------------------

Engine-Match Saturday, February 26, 2022 5:07:42 AM
 Blitz 0:10/1 

Pairing 12/253 :    Expo-skylake-skylake  -  Strelka6

PGN-File: C:\Program Files (x86)\Arena\Tournaments\Season1_League_ALL.pgn

No:  B/W 1/2     W:B       1:2           Time        Value Moves Dep 1:2       1-2-Draws
   3 W 1    1.0:0.0        1.0:2.0       5:11:39 AM   +13.95    89 10.786 :13.643  1-2-0

--------------------------------------------------------------

Engine-Match Saturday, February 26, 2022 5:11:42 AM
 Blitz 0:10/1 

Pairing 22/253 :    Stash-32.0-windows-x86_64-bmi2  -  Tornado

PGN-File: C:\Program Files (x86)\Arena\Tournaments\Season1_League_ALL.pgn

No:  B/W 1/2     W:B       1:2           Time        Value Moves Dep 1:2       1-2-Draws
   3 = =    0.5:0.5        2.5:0.5       5:13:24 AM     0.00    38 19.684 :14.486  2-0-1

--------------------------------------------------------------

Engine-Match Saturday, February 26, 2022 5:13:27 AM
 Blitz 0:10/1 

Pairing 24/253 :    Rebel-14.1-avx2  -  Expo-skylake-skylake

PGN-File: C:\Program Files (x86)\Arena\Tournaments\Season1_League_ALL.pgn

No:  B/W 1/2     W:B       1:2           Time        Value Moves Dep 1:2       1-2-Draws
   3 W 1    1.0:0.0        2.0:1.0       5:14:54 AM      +M1    33 13.700 :11.069  2-1-0

--------------------------------------------------------------

Engine-Match Saturday, February 26, 2022 5:14:57 AM
 Blitz 0:10/1 

Pairing 32/253 :    Tornado  -  Nirvanachess (64-Bit Popcount)

PGN-File: C:\Program Files (x86)\Arena\Tournaments\Season1_League_ALL.pgn

No:  B/W 1/2     W:B       1:2           Time        Value Moves Dep 1:2       1-2-Draws
   3 = =    0.5:0.5        0.5:2.5       5:18:23 AM     0.00    83 13.885 :17.615  0-2-1

--------------------------------------------------------------

Engine-Match Saturday, February 26, 2022 5:18:27 AM
 Blitz 0:10/1 

Pairing 36/253 :    Expo-skylake-skylake  -  Darktoga_avx2

PGN-File: C:\Program Files (x86)\Arena\Tournaments\Season1_League_ALL.pgn

No:  B/W 1/2     W:B       1:2           Time        Value Moves Dep 1:2       1-2-Draws
   3 = =    1.0:1.0        1.0:2.0       5:20:56 AM     0.00    57 11.438 :14.710  0-1-2

--------------------------------------------------------------

Engine-Match Saturday, February 26, 2022 5:21:00 AM
 Blitz 0:10/1 

Pairing 42/253 :    Fizbo.2.64bit  -  Tornado

PGN-File: C:\Program Files (x86)\Arena\Tournaments\Season1_League_ALL.pgn

No:  B/W 1/2     W:B       1:2           Time        Value Moves Dep 1:2       1-2-Draws
   3 = =    0.5:0.5        1.5:1.5       5:22:37 AM    +0.01    36 15.514 :14.394  1-1-1

--------------------------------------------------------------

Engine-Match Saturday, February 26, 2022 5:22:41 AM
 Blitz 0:10/1 

Pairing 48/253 :    Critter_1.6a_64bit  -  Expo-skylake-skylake

PGN-File: C:\Program Files (x86)\Arena\Tournaments\Season1_League_ALL.pgn

No:  B/W 1/2     W:B       1:2           Time        Value Moves Dep 1:2       1-2-Draws
   3 W 1    1.0:0.0        2.0:1.0       5:24:38 AM   +13.82    46 15.692 :11.970  2-1-0

--------------------------------------------------------------

Engine-Match Saturday, February 26, 2022 5:24:41 AM
 Blitz 0:10/1 

Pairing 52/253 :    Tornado  -  Drofa_3.3.0_popcnt

PGN-File: C:\Program Files (x86)\Arena\Tournaments\Season1_League_ALL.pgn

No:  B/W 1/2     W:B       1:2           Time        Value Moves Dep 1:2       1-2-Draws
   3 B 2    2.0:1.0        1.0:2.0       5:26:41 AM   -14.58    51 14.771 :16.853  0-1-2

--------------------------------------------------------------

Engine-Match Saturday, February 26, 2022 5:26:44 AM
 Blitz 0:10/1 

Pairing 60/253 :    Expo-skylake-skylake  -  Beef_0.3.6_popcnt

PGN-File: C:\Program Files (x86)\Arena\Tournaments\Season1_League_ALL.pgn

No:  B/W 1/2     W:B       1:2           Time        Value Moves Dep 1:2       1-2-Draws
   3 = =    0.5:0.5        0.5:2.5       5:28:45 AM     0.00    46 11.194 :19.056  0-2-1

--------------------------------------------------------------

Engine-Match Saturday, February 26, 2022 5:28:48 AM
 Blitz 0:10/1 

Pairing 62/253 :    ClassicAra  -  Tornado

PGN-File: C:\Program Files (x86)\Arena\Tournaments\Season1_League_ALL.pgn

No:  B/W 1/2     W:B       1:2           Time        Value Moves Dep 1:2       1-2-Draws
   3 = =    1.0:1.0        1.0:2.0       5:30:53 AM     0.00    48 14.813 :13.871  0-1-2

--------------------------------------------------------------

Engine-Match Saturday, February 26, 2022 5:30:56 AM
 Blitz 0:10/1 

Pairing 72/253 :    Tornado  -  Expo-skylake-skylake

PGN-File: C:\Program Files (x86)\Arena\Tournaments\Season1_League_ALL.pgn

No:  B/W 1/2     W:B       1:2           Time        Value Moves Dep 1:2       1-2-Draws
   3 W 1    1.0:0.0        2.0:1.0       5:32:37 AM   +14.15    39 14.231 :11.744  2-1-0

--------------------------------------------------------------

Engine-Match Saturday, February 26, 2022 5:32:40 AM
 Blitz 0:10/1 

Pairing 82/253 :    Strelka6  -  Tornado

PGN-File: C:\Program Files (x86)\Arena\Tournaments\Season1_League_ALL.pgn

No:  B/W 1/2     W:B       1:2           Time        Value Moves Dep 1:2       1-2-Draws
   3 W 1    1.0:0.0        3.0:0.0       5:35:22 AM   +10.17    65 13.628 :13.171  3-0-0

--------------------------------------------------------------

Engine-Match Saturday, February 26, 2022 5:35:25 AM
 Blitz 0:10/1 

Pairing 84/253 :    Expo-skylake-skylake  -  Winter_0.9_New

PGN-File: C:\Program Files (x86)\Arena\Tournaments\Season1_League_ALL.pgn

No:  B/W 1/2     W:B       1:2           Time        Value Moves Dep 1:2       1-2-Draws
   3 = =    1.5:1.5        1.5:1.5       5:42:53 AM     0.00   175 10.900 :15.480  0-0-3

--------------------------------------------------------------

Engine-Match Saturday, February 26, 2022 5:43:06 AM
 Blitz 0:10/1 

Pairing 92/253 :    Tornado  -  Rebel-14.1-avx2

PGN-File: C:\Program Files (x86)\Arena\Tournaments\Season1_League_ALL.pgn

No:  B/W 1/2     W:B       1:2           Time        Value Moves Dep 1:2       1-2-Draws
   3 B 2    2.0:1.0        1.0:2.0       5:45:12 AM   -13.24    49 13.750 :14.667  0-1-2

--------------------------------------------------------------

Engine-Match Saturday, February 26, 2022 5:45:15 AM
 Blitz 0:10/1 

Pairing 96/253 :    Blackmarlin-popcnt-avx2  -  Expo-skylake-skylake

PGN-File: C:\Program Files (x86)\Arena\Tournaments\Season1_League_ALL.pgn

No:  B/W 1/2     W:B       1:2           Time        Value Moves Dep 1:2       1-2-Draws
   3 = =    1.0:1.0        2.0:1.0       5:48:20 AM    +1.45    70 16.375 :11.806  1-0-2

--------------------------------------------------------------

Engine-Match Saturday, February 26, 2022 5:48:24 AM
 Blitz 0:10/1 

Pairing 102/253 :    Darktoga_avx2  -  Tornado

PGN-File: C:\Program Files (x86)\Arena\Tournaments\Season1_League_ALL.pgn

No:  B/W 1/2     W:B       1:2           Time        Value Moves Dep 1:2       1-2-Draws
   3 W 1    1.5:0.5        2.5:0.5       5:50:48 AM   +11.44    57 14.613 :14.000  2-0-1

--------------------------------------------------------------

Engine-Match Saturday, February 26, 2022 5:50:51 AM
 Blitz 0:10/1 

Pairing 108/253 :    Expo-skylake-skylake  -  EngineDeepShredder13UCIx64

PGN-File: C:\Program Files (x86)\Arena\Tournaments\Season1_League_ALL.pgn

No:  B/W 1/2     W:B       1:2           Time        Value Moves Dep 1:2       1-2-Draws
   3 = =    1.0:1.0        1.0:2.0       5:52:58 AM     0.00    47 11.591 :18.682  0-1-2

--------------------------------------------------------------

Engine-Match Saturday, February 26, 2022 5:53:01 AM
 Blitz 0:10/1 

Pairing 112/253 :    Tornado  -  Critter_1.6a_64bit

PGN-File: C:\Program Files (x86)\Arena\Tournaments\Season1_League_ALL.pgn

No:  B/W 1/2     W:B       1:2           Time        Value Moves Dep 1:2       1-2-Draws
   3 W 1    1.0:0.0        1.0:2.0       5:55:18 AM    +9.35    52 14.371 :14.655  1-2-0

--------------------------------------------------------------

Engine-Match Saturday, February 26, 2022 5:55:21 AM
 Blitz 0:10/1 

Pairing 120/253 :    Demolito_pext  -  Expo-skylake-skylake

PGN-File: C:\Program Files (x86)\Arena\Tournaments\Season1_League_ALL.pgn

No:  B/W 1/2     W:B       1:2           Time        Value Moves Dep 1:2       1-2-Draws
   3 = =    0.5:0.5        1.5:1.5       6:02:07 AM    -0.10   162 16.214 :11.519  1-1-1

--------------------------------------------------------------

Engine-Match Saturday, February 26, 2022 6:02:10 AM
 Blitz 0:10/1 

Pairing 122/253 :    Beef_0.3.6_popcnt  -  Tornado

PGN-File: C:\Program Files (x86)\Arena\Tournaments\Season1_League_ALL.pgn

No:  B/W 1/2     W:B       1:2           Time        Value Moves Dep 1:2       1-2-Draws
   3 B 2    1.5:0.5        0.5:2.5       6:04:58 AM   -23.60    65 18.933 :14.733  0-2-1

--------------------------------------------------------------

Engine-Match Saturday, February 26, 2022 6:05:01 AM
 Blitz 0:10/1 

Pairing 132/253 :    Expo-skylake-skylake  -  Chiron-4-64bit

PGN-File: C:\Program Files (x86)\Arena\Tournaments\Season1_League_ALL.pgn

No:  B/W 1/2     W:B       1:2           Time        Value Moves Dep 1:2       1-2-Draws
   3 = =    1.0:1.0        2.0:1.0       6:07:01 AM     0.00    44 11.263 :15.974  1-0-2

--------------------------------------------------------------

Engine-Match Saturday, February 26, 2022 6:07:04 AM
 Blitz 0:10/1 

Pairing 143/253 :    Gull 3 x64 BMI2  -  Expo-skylake-skylake

PGN-File: C:\Program Files (x86)\Arena\Tournaments\Season1_League_ALL.pgn

No:  B/W 1/2     W:B       1:2           Time        Value Moves Dep 1:2       1-2-Draws
   3 = =    1.0:1.0        2.0:1.0       6:10:08 AM    -1.44    71 13.265 :11.676  1-0-2

--------------------------------------------------------------

Engine-Match Saturday, February 26, 2022 6:10:11 AM
 Blitz 0:10/1 

Pairing 144/253 :    Tornado  -  Winter_0.9_New

PGN-File: C:\Program Files (x86)\Arena\Tournaments\Season1_League_ALL.pgn

No:  B/W 1/2     W:B       1:2           Time        Value Moves Dep 1:2       1-2-Draws
   3 W 1    1.5:0.5        1.5:1.5       6:12:06 AM   +11.50    42 14.409 :16.727  1-1-1

--------------------------------------------------------------

Engine-Match Saturday, February 26, 2022 6:12:09 AM
 Blitz 0:10/1 

Pairing 153/253 :    Expo-skylake-skylake  -  Roc_TCEC19_5

PGN-File: C:\Program Files (x86)\Arena\Tournaments\Season1_League_ALL.pgn

No:  B/W 1/2     W:B       1:2           Time        Value Moves Dep 1:2       1-2-Draws
   3 W 1    1.0:0.0        2.0:1.0       6:15:09 AM   +17.92    65 11.172 :12.469  2-1-0

--------------------------------------------------------------

Engine-Match Saturday, February 26, 2022 6:15:12 AM
 Blitz 0:10/1 

Pairing 156/253 :    Blackmarlin-popcnt-avx2  -  Tornado

PGN-File: C:\Program Files (x86)\Arena\Tournaments\Season1_League_ALL.pgn

No:  B/W 1/2     W:B       1:2           Time        Value Moves Dep 1:2       1-2-Draws
   3 W 1    2.0:1.0        2.0:1.0       6:17:54 AM   +14.97    61 16.586 :14.379  1-0-2

--------------------------------------------------------------

Engine-Match Saturday, February 26, 2022 6:17:57 AM
 Blitz 0:10/1 

Pairing 163/253 :    LGEvolution_NN_3.15.3  -  Expo-skylake-skylake

PGN-File: C:\Program Files (x86)\Arena\Tournaments\Season1_League_ALL.pgn

No:  B/W 1/2     W:B       1:2           Time        Value Moves Dep 1:2       1-2-Draws
   3 W 1    1.5:0.5        2.5:0.5       6:20:42 AM      +M4    61 12.035 :11.508  2-0-1

--------------------------------------------------------------

Engine-Match Saturday, February 26, 2022 6:20:45 AM
 Blitz 0:10/1 

Pairing 168/253 :    Tornado  -  EngineDeepShredder13UCIx64

PGN-File: C:\Program Files (x86)\Arena\Tournaments\Season1_League_ALL.pgn

No:  B/W 1/2     W:B       1:2           Time        Value Moves Dep 1:2       1-2-Draws
   3 W 1    1.5:0.5        2.5:0.5       6:22:12 AM      +M5    32 13.857 :18.407  2-0-1

--------------------------------------------------------------

Engine-Match Saturday, February 26, 2022 6:22:15 AM
 Blitz 0:10/1 

Pairing 173/253 :    Expo-skylake-skylake  -  Danasah90_64bit_avx2

PGN-File: C:\Program Files (x86)\Arena\Tournaments\Season1_League_ALL.pgn

No:  B/W 1/2     W:B       1:2           Time        Value Moves Dep 1:2       1-2-Draws
   3 = =    1.5:1.5        1.5:1.5       6:26:02 AM     0.00    86 11.625 :15.250  0-0-3

--------------------------------------------------------------

Engine-Match Saturday, February 26, 2022 6:26:05 AM
 Blitz 0:10/1 

Pairing 180/253 :    Demolito_pext  -  Tornado

PGN-File: C:\Program Files (x86)\Arena\Tournaments\Season1_League_ALL.pgn

No:  B/W 1/2     W:B       1:2           Time        Value Moves Dep 1:2       1-2-Draws
   3 W 1    2.0:1.0        2.0:1.0       6:29:16 AM   +15.08    74 16.341 :14.800  1-0-2

--------------------------------------------------------------

Engine-Match Saturday, February 26, 2022 6:29:20 AM
 Blitz 0:10/1 

Pairing 183/253 :    Caissa_0.4_x64_BMI2  -  Expo-skylake-skylake

PGN-File: C:\Program Files (x86)\Arena\Tournaments\Season1_League_ALL.pgn

No:  B/W 1/2     W:B       1:2           Time        Value Moves Dep 1:2       1-2-Draws
   3 W 1    1.5:0.5        2.5:0.5       6:33:27 AM   +97.16   106 11.897 :11.690  2-0-1

--------------------------------------------------------------

Engine-Match Saturday, February 26, 2022 6:33:30 AM
 Blitz 0:10/1 

Pairing 192/253 :    Tornado  -  Chiron-4-64bit

PGN-File: C:\Program Files (x86)\Arena\Tournaments\Season1_League_ALL.pgn

No:  B/W 1/2     W:B       1:2           Time        Value Moves Dep 1:2       1-2-Draws
   3 B 2    1.5:0.5        1.5:1.5       6:36:20 AM     -M11    64 14.048 :16.024  1-1-1

--------------------------------------------------------------

Engine-Match Saturday, February 26, 2022 6:36:23 AM
 Blitz 0:10/1 

Pairing 193/253 :    Expo-skylake-skylake  -  Andscacs

PGN-File: C:\Program Files (x86)\Arena\Tournaments\Season1_League_ALL.pgn

No:  B/W 1/2     W:B       1:2           Time        Value Moves Dep 1:2       1-2-Draws
   3 W 1    1.5:0.5        2.5:0.5       6:41:13 AM      +M1   112 12.114 :17.976  2-0-1

--------------------------------------------------------------

Engine-Match Saturday, February 26, 2022 6:41:16 AM
 Blitz 0:10/1 

Pairing 203/253 :    Stash-32.0-windows-x86_64-bmi2  -  Expo-skylake-skylake

PGN-File: C:\Program Files (x86)\Arena\Tournaments\Season1_League_ALL.pgn

No:  B/W 1/2     W:B       1:2           Time        Value Moves Dep 1:2       1-2-Draws
   3 = =    1.0:1.0        1.0:2.0       6:43:16 AM     0.00    43 19.326 :11.667  0-1-2

--------------------------------------------------------------

Engine-Match Saturday, February 26, 2022 6:43:29 AM
 Blitz 0:10/1 

Pairing 204/253 :    Gull 3 x64 BMI2  -  Tornado

PGN-File: C:\Program Files (x86)\Arena\Tournaments\Season1_League_ALL.pgn

No:  B/W 1/2     W:B       1:2           Time        Value Moves Dep 1:2       1-2-Draws
   3 = =    1.0:1.0        2.0:1.0       6:51:10 AM     0.00   180 13.483 :14.448  1-0-2

--------------------------------------------------------------

Engine-Match Saturday, February 26, 2022 6:51:13 AM
 Blitz 0:10/1 

Pairing 213/253 :    Expo-skylake-skylake  -  Nirvanachess (64-Bit Popcount)

PGN-File: C:\Program Files (x86)\Arena\Tournaments\Season1_League_ALL.pgn

No:  B/W 1/2     W:B       1:2           Time        Value Moves Dep 1:2       1-2-Draws
   3 = =    1.0:1.0        2.0:1.0       6:54:40 AM     0.00    83 11.571 :17.519  1-0-2

--------------------------------------------------------------

Engine-Match Saturday, February 26, 2022 6:54:43 AM
 Blitz 0:10/1 

Pairing 216/253 :    Tornado  -  Roc_TCEC19_5

PGN-File: C:\Program Files (x86)\Arena\Tournaments\Season1_League_ALL.pgn

No:  B/W 1/2     W:B       1:2           Time        Value Moves Dep 1:2       1-2-Draws
   3 B 2    2.0:1.0        1.0:2.0       6:57:40 AM   -11.66    68 14.514 :13.417  0-1-2

--------------------------------------------------------------

Engine-Match Saturday, February 26, 2022 6:57:43 AM
 Blitz 0:10/1 

Pairing 223/253 :    Fizbo.2.64bit  -  Expo-skylake-skylake

PGN-File: C:\Program Files (x86)\Arena\Tournaments\Season1_League_ALL.pgn

No:  B/W 1/2     W:B       1:2           Time        Value Moves Dep 1:2       1-2-Draws
   3 W 1    1.5:0.5        1.5:1.5       7:00:57 AM   +10.05    73 14.938 :11.935  1-1-1

--------------------------------------------------------------

Engine-Match Saturday, February 26, 2022 7:01:01 AM
 Blitz 0:10/1 

Pairing 228/253 :    LGEvolution_NN_3.15.3  -  Tornado

PGN-File: C:\Program Files (x86)\Arena\Tournaments\Season1_League_ALL.pgn

No:  B/W 1/2     W:B       1:2           Time        Value Moves Dep 1:2       1-2-Draws
   3 W 1    2.0:1.0        2.0:1.0       7:03:21 AM   +62.49    54 14.105 :14.889  1-0-2

--------------------------------------------------------------

Engine-Match Saturday, February 26, 2022 7:03:24 AM
 Blitz 0:10/1 

Pairing 233/253 :    Expo-skylake-skylake  -  Drofa_3.3.0_popcnt

PGN-File: C:\Program Files (x86)\Arena\Tournaments\Season1_League_ALL.pgn

No:  B/W 1/2     W:B       1:2           Time        Value Moves Dep 1:2       1-2-Draws
   3 W 1    1.0:0.0        2.0:1.0       7:04:44 AM  +299.96    34 12.735 :17.324  2-1-0

--------------------------------------------------------------

Engine-Match Saturday, February 26, 2022 7:04:47 AM
 Blitz 0:10/1 

Pairing 240/253 :    Tornado  -  Danasah90_64bit_avx2

PGN-File: C:\Program Files (x86)\Arena\Tournaments\Season1_League_ALL.pgn

No:  B/W 1/2     W:B       1:2           Time        Value Moves Dep 1:2       1-2-Draws
   3 = =    1.0:1.0        1.0:2.0       7:06:18 AM     0.00    33 13.576 :14.594  0-1-2

--------------------------------------------------------------

Engine-Match Saturday, February 26, 2022 7:06:21 AM
 Blitz 0:10/1 

Pairing 243/253 :    ClassicAra  -  Expo-skylake-skylake

PGN-File: C:\Program Files (x86)\Arena\Tournaments\Season1_League_ALL.pgn

No:  B/W 1/2     W:B       1:2           Time        Value Moves Dep 1:2       1-2-Draws
   3 = =    0.5:0.5        1.5:1.5       7:08:58 AM     0.00    62 16.120 :11.640  1-1-1

--------------------------------------------------------------

Engine-Match Saturday, February 26, 2022 7:09:01 AM
 Blitz 0:10/1 

Pairing 252/253 :    Caissa_0.4_x64_BMI2  -  Tornado

PGN-File: C:\Program Files (x86)\Arena\Tournaments\Season1_League_ALL.pgn

No:  B/W 1/2     W:B       1:2           Time        Value Moves Dep 1:2       1-2-Draws
   3 = =    1.5:1.5        1.5:1.5       7:10:26 AM     0.00    30 12.160 :14.083  0-0-3

--------------------------------------------------------------

Engine-Match Saturday, February 26, 2022 7:10:30 AM
 Blitz 0:10/1 

Pairing 11/253 :    Tornado  -  Andscacs

PGN-File: C:\Program Files (x86)\Arena\Tournaments\Season1_League_ALL.pgn

No:  B/W 1/2     W:B       1:2           Time        Value Moves Dep 1:2       1-2-Draws
   4 B 1    2.0:1.0        2.0:2.0       7:13:57 AM      -M1    82 13.360 :15.854  1-1-2

--------------------------------------------------------------

Engine-Match Saturday, February 26, 2022 7:14:00 AM
 Blitz 0:10/1 

Pairing 12/253 :    Expo-skylake-skylake  -  Strelka6

PGN-File: C:\Program Files (x86)\Arena\Tournaments\Season1_League_ALL.pgn

No:  B/W 1/2     W:B       1:2           Time        Value Moves Dep 1:2       1-2-Draws
   4 W 2    1.0:0.0        1.0:3.0       7:16:05 AM   +14.16    46 11.636 :13.955  1-3-0

--------------------------------------------------------------

Engine-Match Saturday, February 26, 2022 7:16:08 AM
 Blitz 0:10/1 

Pairing 22/253 :    Stash-32.0-windows-x86_64-bmi2  -  Tornado

PGN-File: C:\Program Files (x86)\Arena\Tournaments\Season1_League_ALL.pgn

No:  B/W 1/2     W:B       1:2           Time        Value Moves Dep 1:2       1-2-Draws
   4 = =    1.0:1.0        3.0:1.0       7:18:53 AM     0.00    62 18.486 :13.743  2-0-2

--------------------------------------------------------------

Engine-Match Saturday, February 26, 2022 7:18:56 AM
 Blitz 0:10/1 

Pairing 24/253 :    Rebel-14.1-avx2  -  Expo-skylake-skylake

PGN-File: C:\Program Files (x86)\Arena\Tournaments\Season1_League_ALL.pgn

No:  B/W 1/2     W:B       1:2           Time        Value Moves Dep 1:2       1-2-Draws
   4 = =    0.5:0.5        2.5:1.5       7:20:15 AM     0.00    29 14.321 :11.655  2-1-1

--------------------------------------------------------------

Engine-Match Saturday, February 26, 2022 7:20:18 AM
 Blitz 0:10/1 

Pairing 32/253 :    Tornado  -  Nirvanachess (64-Bit Popcount)

PGN-File: C:\Program Files (x86)\Arena\Tournaments\Season1_League_ALL.pgn

No:  B/W 1/2     W:B       1:2           Time        Value Moves Dep 1:2       1-2-Draws
   4 B 1    1.5:0.5        1.5:2.5       7:23:45 AM   -12.94    79 14.188 :16.438  1-2-1

--------------------------------------------------------------

Engine-Match Saturday, February 26, 2022 7:23:49 AM
 Blitz 0:10/1 

Pairing 36/253 :    Expo-skylake-skylake  -  Darktoga_avx2

PGN-File: C:\Program Files (x86)\Arena\Tournaments\Season1_League_ALL.pgn

No:  B/W 1/2     W:B       1:2           Time        Value Moves Dep 1:2       1-2-Draws
   4 B 1    2.0:1.0        2.0:2.0       7:27:33 AM   -99.21    84 11.633 :14.333  1-1-2

--------------------------------------------------------------

Engine-Match Saturday, February 26, 2022 7:27:36 AM
 Blitz 0:10/1 

Pairing 42/253 :    Fizbo.2.64bit  -  Tornado

PGN-File: C:\Program Files (x86)\Arena\Tournaments\Season1_League_ALL.pgn

No:  B/W 1/2     W:B       1:2           Time        Value Moves Dep 1:2       1-2-Draws
   4 = =    1.0:1.0        2.0:2.0       7:29:56 AM     0.00    53 15.133 :13.912  1-1-2

--------------------------------------------------------------

Engine-Match Saturday, February 26, 2022 7:29:59 AM
 Blitz 0:10/1 

Pairing 48/253 :    Critter_1.6a_64bit  -  Expo-skylake-skylake

PGN-File: C:\Program Files (x86)\Arena\Tournaments\Season1_League_ALL.pgn

No:  B/W 1/2     W:B       1:2           Time        Value Moves Dep 1:2       1-2-Draws
   4 = =    0.5:0.5        2.5:1.5       7:32:30 AM     0.00    58 16.184 :11.688  2-1-1

--------------------------------------------------------------

Engine-Match Saturday, February 26, 2022 7:32:34 AM
 Blitz 0:10/1 

Pairing 52/253 :    Tornado  -  Drofa_3.3.0_popcnt

PGN-File: C:\Program Files (x86)\Arena\Tournaments\Season1_League_ALL.pgn

No:  B/W 1/2     W:B       1:2           Time        Value Moves Dep 1:2       1-2-Draws
   4 W 2    2.0:1.0        1.0:3.0       7:34:14 AM   +15.60    42 13.381 :15.762  0-2-2

--------------------------------------------------------------

Engine-Match Saturday, February 26, 2022 7:34:18 AM
 Blitz 0:10/1 

Pairing 60/253 :    Expo-skylake-skylake  -  Beef_0.3.6_popcnt

PGN-File: C:\Program Files (x86)\Arena\Tournaments\Season1_League_ALL.pgn

No:  B/W 1/2     W:B       1:2           Time        Value Moves Dep 1:2       1-2-Draws
   4 = =    1.0:1.0        1.0:3.0       7:37:19 AM    -0.04    69 11.438 :19.394  0-2-2

--------------------------------------------------------------

Engine-Match Saturday, February 26, 2022 7:37:22 AM
 Blitz 0:10/1 

Pairing 62/253 :    ClassicAra  -  Tornado

PGN-File: C:\Program Files (x86)\Arena\Tournaments\Season1_League_ALL.pgn

No:  B/W 1/2     W:B       1:2           Time        Value Moves Dep 1:2       1-2-Draws
   4 = =    1.5:1.5        1.5:2.5       7:39:15 AM     0.00    42 14.846 :13.704  0-1-3

--------------------------------------------------------------

Engine-Match Saturday, February 26, 2022 7:39:28 AM
 Blitz 0:10/1 

Pairing 72/253 :    Tornado  -  Expo-skylake-skylake

PGN-File: C:\Program Files (x86)\Arena\Tournaments\Season1_League_ALL.pgn

No:  B/W 1/2     W:B       1:2           Time        Value Moves Dep 1:2       1-2-Draws
   4 = =    0.5:0.5        2.5:1.5       7:40:59 AM     0.00    35 14.571 :11.636  2-1-1

--------------------------------------------------------------

Engine-Match Saturday, February 26, 2022 7:41:02 AM
 Blitz 0:10/1 

Pairing 82/253 :    Strelka6  -  Tornado

PGN-File: C:\Program Files (x86)\Arena\Tournaments\Season1_League_ALL.pgn

No:  B/W 1/2     W:B       1:2           Time        Value Moves Dep 1:2       1-2-Draws
   4 B 1    1.0:0.0        4.0:0.0       7:42:55 AM   -11.91    42 14.259 :13.815  4-0-0

--------------------------------------------------------------

Engine-Match Saturday, February 26, 2022 7:42:58 AM
 Blitz 0:10/1 

Pairing 84/253 :    Expo-skylake-skylake  -  Winter_0.9_New

PGN-File: C:\Program Files (x86)\Arena\Tournaments\Season1_League_ALL.pgn

No:  B/W 1/2     W:B       1:2           Time        Value Moves Dep 1:2       1-2-Draws
   4 = =    2.0:2.0        2.0:2.0       7:47:02 AM     0.00    93 11.558 :16.386  0-0-4

--------------------------------------------------------------

Engine-Match Saturday, February 26, 2022 7:47:05 AM
 Blitz 0:10/1 

Pairing 92/253 :    Tornado  -  Rebel-14.1-avx2

PGN-File: C:\Program Files (x86)\Arena\Tournaments\Season1_League_ALL.pgn

No:  B/W 1/2     W:B       1:2           Time        Value Moves Dep 1:2       1-2-Draws
   4 = =    1.5:1.5        1.5:2.5       7:49:10 AM     0.00    49 14.250 :14.000  0-1-3

--------------------------------------------------------------

Engine-Match Saturday, February 26, 2022 7:49:13 AM
 Blitz 0:10/1 

Pairing 96/253 :    Blackmarlin-popcnt-avx2  -  Expo-skylake-skylake

PGN-File: C:\Program Files (x86)\Arena\Tournaments\Season1_League_ALL.pgn

No:  B/W 1/2     W:B       1:2           Time        Value Moves Dep 1:2       1-2-Draws
   4 = =    1.5:1.5        2.5:1.5       7:51:30 AM     0.00    51 18.565 :11.958  1-0-3

--------------------------------------------------------------

Engine-Match Saturday, February 26, 2022 7:51:33 AM
 Blitz 0:10/1 

Pairing 102/253 :    Darktoga_avx2  -  Tornado

PGN-File: C:\Program Files (x86)\Arena\Tournaments\Season1_League_ALL.pgn

No:  B/W 1/2     W:B       1:2           Time        Value Moves Dep 1:2       1-2-Draws
   4 = =    1.0:1.0        3.0:1.0       7:54:20 AM     0.00    64 13.583 :13.917  2-0-2

--------------------------------------------------------------

Engine-Match Saturday, February 26, 2022 7:54:23 AM
 Blitz 0:10/1 

Pairing 108/253 :    Expo-skylake-skylake  -  EngineDeepShredder13UCIx64

PGN-File: C:\Program Files (x86)\Arena\Tournaments\Season1_League_ALL.pgn

No:  B/W 1/2     W:B       1:2           Time        Value Moves Dep 1:2       1-2-Draws
   4 B 1    2.0:1.0        2.0:2.0       7:56:27 AM   -12.39    45 11.750 :17.356  1-1-2

--------------------------------------------------------------

Engine-Match Saturday, February 26, 2022 7:56:30 AM
 Blitz 0:10/1 

Pairing 112/253 :    Tornado  -  Critter_1.6a_64bit

PGN-File: C:\Program Files (x86)\Arena\Tournaments\Season1_League_ALL.pgn

No:  B/W 1/2     W:B       1:2           Time        Value Moves Dep 1:2       1-2-Draws
   4 W 2    1.0:0.0        1.0:3.0       7:58:25 AM   +63.04    44 14.000 :14.750  1-3-0

--------------------------------------------------------------

Engine-Match Saturday, February 26, 2022 7:58:28 AM
 Blitz 0:10/1 

Pairing 120/253 :    Demolito_pext  -  Expo-skylake-skylake

PGN-File: C:\Program Files (x86)\Arena\Tournaments\Season1_League_ALL.pgn

No:  B/W 1/2     W:B       1:2           Time        Value Moves Dep 1:2       1-2-Draws
   4 W 2    1.5:0.5        1.5:2.5       8:01:26 AM   +11.28    64 14.766 :10.453  1-2-1

--------------------------------------------------------------

Engine-Match Saturday, February 26, 2022 8:01:29 AM
 Blitz 0:10/1 

Pairing 122/253 :    Beef_0.3.6_popcnt  -  Tornado

PGN-File: C:\Program Files (x86)\Arena\Tournaments\Season1_League_ALL.pgn

No:  B/W 1/2     W:B       1:2           Time        Value Moves Dep 1:2       1-2-Draws
   4 B 1    1.5:0.5        1.5:2.5       8:03:34 AM   -14.47    48 20.574 :13.583  1-2-1

--------------------------------------------------------------

Engine-Match Saturday, February 26, 2022 8:03:37 AM
 Blitz 0:10/1 

Pairing 132/253 :    Expo-skylake-skylake  -  Chiron-4-64bit

PGN-File: C:\Program Files (x86)\Arena\Tournaments\Season1_League_ALL.pgn

No:  B/W 1/2     W:B       1:2           Time        Value Moves Dep 1:2       1-2-Draws
   4 = =    1.5:1.5        2.5:1.5       8:05:44 AM     0.00    46 12.000 :15.760  1-0-3

--------------------------------------------------------------

Engine-Match Saturday, February 26, 2022 8:05:47 AM
 Blitz 0:10/1 

Pairing 143/253 :    Gull 3 x64 BMI2  -  Expo-skylake-skylake

PGN-File: C:\Program Files (x86)\Arena\Tournaments\Season1_League_ALL.pgn

No:  B/W 1/2     W:B       1:2           Time        Value Moves Dep 1:2       1-2-Draws
   4 W 2    2.0:1.0        2.0:2.0       8:10:07 AM   +13.02    97 13.130 :10.826  1-1-2

--------------------------------------------------------------

Engine-Match Saturday, February 26, 2022 8:10:10 AM
 Blitz 0:10/1 

Pairing 144/253 :    Tornado  -  Winter_0.9_New

PGN-File: C:\Program Files (x86)\Arena\Tournaments\Season1_League_ALL.pgn

No:  B/W 1/2     W:B       1:2           Time        Value Moves Dep 1:2       1-2-Draws
   4 W 2    1.5:0.5        1.5:2.5       8:11:58 AM   +17.66    39 13.368 :15.205  1-2-1

--------------------------------------------------------------

Engine-Match Saturday, February 26, 2022 8:12:00 AM
 Blitz 0:10/1 

Pairing 153/253 :    Expo-skylake-skylake  -  Roc_TCEC19_5

PGN-File: C:\Program Files (x86)\Arena\Tournaments\Season1_League_ALL.pgn

No:  B/W 1/2     W:B       1:2           Time        Value Moves Dep 1:2       1-2-Draws
   4 = =    0.5:0.5        2.5:1.5       8:14:59 AM     0.00    71 11.732 :14.386  2-1-1

--------------------------------------------------------------

Engine-Match Saturday, February 26, 2022 8:15:02 AM
 Blitz 0:10/1 

Pairing 156/253 :    Blackmarlin-popcnt-avx2  -  Tornado

PGN-File: C:\Program Files (x86)\Arena\Tournaments\Season1_League_ALL.pgn

No:  B/W 1/2     W:B       1:2           Time        Value Moves Dep 1:2       1-2-Draws
   4 W 2    2.0:1.0        2.0:2.0       8:17:11 AM    +9.16    48 16.694 :13.784  1-1-2

--------------------------------------------------------------

Engine-Match Saturday, February 26, 2022 8:17:14 AM
 Blitz 0:10/1 

Pairing 163/253 :    LGEvolution_NN_3.15.3  -  Expo-skylake-skylake

PGN-File: C:\Program Files (x86)\Arena\Tournaments\Season1_League_ALL.pgn

No:  B/W 1/2     W:B       1:2           Time        Value Moves Dep 1:2       1-2-Draws
   4 = =    1.0:1.0        3.0:1.0       8:19:23 AM     0.00    50 13.652 :11.257  2-0-2

--------------------------------------------------------------

Engine-Match Saturday, February 26, 2022 8:19:26 AM
 Blitz 0:10/1 

Pairing 168/253 :    Tornado  -  EngineDeepShredder13UCIx64

PGN-File: C:\Program Files (x86)\Arena\Tournaments\Season1_League_ALL.pgn

No:  B/W 1/2     W:B       1:2           Time        Value Moves Dep 1:2       1-2-Draws
   4 = =    1.0:1.0        3.0:1.0       8:22:46 AM     0.00    74 14.000 :17.947  2-0-2

--------------------------------------------------------------

Engine-Match Saturday, February 26, 2022 8:22:49 AM
 Blitz 0:10/1 

Pairing 173/253 :    Expo-skylake-skylake  -  Danasah90_64bit_avx2

PGN-File: C:\Program Files (x86)\Arena\Tournaments\Season1_League_ALL.pgn

No:  B/W 1/2     W:B       1:2           Time        Value Moves Dep 1:2       1-2-Draws
   4 = =    2.0:2.0        2.0:2.0       8:24:30 AM     0.00    35 11.229 :15.057  0-0-4

--------------------------------------------------------------

Engine-Match Saturday, February 26, 2022 8:24:33 AM
 Blitz 0:10/1 

Pairing 180/253 :    Demolito_pext  -  Tornado

PGN-File: C:\Program Files (x86)\Arena\Tournaments\Season1_League_ALL.pgn

No:  B/W 1/2     W:B       1:2           Time        Value Moves Dep 1:2       1-2-Draws
   4 = =    1.5:1.5        2.5:1.5       8:33:05 AM     0.00   206 17.814 :15.500  1-0-3

--------------------------------------------------------------

Engine-Match Saturday, February 26, 2022 8:33:08 AM
 Blitz 0:10/1 

Pairing 183/253 :    Caissa_0.4_x64_BMI2  -  Expo-skylake-skylake

PGN-File: C:\Program Files (x86)\Arena\Tournaments\Season1_League_ALL.pgn

No:  B/W 1/2     W:B       1:2           Time        Value Moves Dep 1:2       1-2-Draws
   4 = =    1.0:1.0        3.0:1.0       8:35:36 AM     0.00    54 12.887 :12.407  2-0-2

--------------------------------------------------------------

Engine-Match Saturday, February 26, 2022 8:35:49 AM
 Blitz 0:10/1 

Pairing 192/253 :    Tornado  -  Chiron-4-64bit

PGN-File: C:\Program Files (x86)\Arena\Tournaments\Season1_League_ALL.pgn

No:  B/W 1/2     W:B       1:2           Time        Value Moves Dep 1:2       1-2-Draws
   4 = =    1.0:1.0        2.0:2.0       8:37:33 AM     0.00    37 13.568 :15.135  1-1-2

--------------------------------------------------------------

Engine-Match Saturday, February 26, 2022 8:37:36 AM
 Blitz 0:10/1 

Pairing 193/253 :    Expo-skylake-skylake  -  Andscacs

PGN-File: C:\Program Files (x86)\Arena\Tournaments\Season1_League_ALL.pgn

No:  B/W 1/2     W:B       1:2           Time        Value Moves Dep 1:2       1-2-Draws
   4 B 1    1.5:0.5        3.5:0.5       8:40:18 AM     -M11    60 11.750 :16.952  3-0-1

--------------------------------------------------------------

Engine-Match Saturday, February 26, 2022 8:40:21 AM
 Blitz 0:10/1 

Pairing 203/253 :    Stash-32.0-windows-x86_64-bmi2  -  Expo-skylake-skylake

PGN-File: C:\Program Files (x86)\Arena\Tournaments\Season1_League_ALL.pgn

No:  B/W 1/2     W:B       1:2           Time        Value Moves Dep 1:2       1-2-Draws
   4 B 1    2.0:1.0        2.0:2.0       8:42:45 AM   -15.69    54 19.697 :11.059  1-1-2

--------------------------------------------------------------

Engine-Match Saturday, February 26, 2022 8:42:48 AM
 Blitz 0:10/1 

Pairing 204/253 :    Gull 3 x64 BMI2  -  Tornado

PGN-File: C:\Program Files (x86)\Arena\Tournaments\Season1_League_ALL.pgn

No:  B/W 1/2     W:B       1:2           Time        Value Moves Dep 1:2       1-2-Draws
   4 W 2    2.0:1.0        2.0:2.0       8:45:49 AM      +M6    69 14.194 :13.973  1-1-2

--------------------------------------------------------------

Engine-Match Saturday, February 26, 2022 8:45:52 AM
 Blitz 0:10/1 

Pairing 213/253 :    Expo-skylake-skylake  -  Nirvanachess (64-Bit Popcount)

PGN-File: C:\Program Files (x86)\Arena\Tournaments\Season1_League_ALL.pgn

No:  B/W 1/2     W:B       1:2           Time        Value Moves Dep 1:2       1-2-Draws
   4 W 2    2.0:1.0        2.0:2.0       8:48:08 AM   +12.59    52 11.333 :16.333  1-1-2

--------------------------------------------------------------

Engine-Match Saturday, February 26, 2022 8:48:11 AM
 Blitz 0:10/1 

Pairing 216/253 :    Tornado  -  Roc_TCEC19_5

PGN-File: C:\Program Files (x86)\Arena\Tournaments\Season1_League_ALL.pgn

No:  B/W 1/2     W:B       1:2           Time        Value Moves Dep 1:2       1-2-Draws
   4 B 1    2.0:1.0        2.0:2.0       8:51:41 AM   -11.04    79 13.765 :13.000  1-1-2

--------------------------------------------------------------

Engine-Match Saturday, February 26, 2022 8:51:44 AM
 Blitz 0:10/1 

Pairing 223/253 :    Fizbo.2.64bit  -  Expo-skylake-skylake

PGN-File: C:\Program Files (x86)\Arena\Tournaments\Season1_League_ALL.pgn

No:  B/W 1/2     W:B       1:2           Time        Value Moves Dep 1:2       1-2-Draws
   4 = =    1.0:1.0        2.0:2.0       8:54:03 AM     0.00    51 15.571 :11.667  1-1-2

--------------------------------------------------------------

Engine-Match Saturday, February 26, 2022 8:54:06 AM
 Blitz 0:10/1 

Pairing 228/253 :    LGEvolution_NN_3.15.3  -  Tornado

PGN-File: C:\Program Files (x86)\Arena\Tournaments\Season1_League_ALL.pgn

No:  B/W 1/2     W:B       1:2           Time        Value Moves Dep 1:2       1-2-Draws
   4 = =    1.5:1.5        2.5:1.5       8:56:34 AM     0.00    62 12.352 :16.695  1-0-3

--------------------------------------------------------------

Engine-Match Saturday, February 26, 2022 8:56:37 AM
 Blitz 0:10/1 

Pairing 233/253 :    Expo-skylake-skylake  -  Drofa_3.3.0_popcnt

PGN-File: C:\Program Files (x86)\Arena\Tournaments\Season1_League_ALL.pgn

No:  B/W 1/2     W:B       1:2           Time        Value Moves Dep 1:2       1-2-Draws
   4 W 2    1.0:0.0        2.0:2.0       8:59:17 AM   +12.86    66 11.560 :15.600  2-2-0

--------------------------------------------------------------

Engine-Match Saturday, February 26, 2022 8:59:20 AM
 Blitz 0:10/1 

Pairing 240/253 :    Tornado  -  Danasah90_64bit_avx2

PGN-File: C:\Program Files (x86)\Arena\Tournaments\Season1_League_ALL.pgn

No:  B/W 1/2     W:B       1:2           Time        Value Moves Dep 1:2       1-2-Draws
   4 W 2    2.0:1.0        1.0:3.0       9:01:13 AM   +11.51    42 14.024 :15.095  0-2-2

--------------------------------------------------------------

Engine-Match Saturday, February 26, 2022 9:01:16 AM
 Blitz 0:10/1 

Pairing 243/253 :    ClassicAra  -  Expo-skylake-skylake

PGN-File: C:\Program Files (x86)\Arena\Tournaments\Season1_League_ALL.pgn

No:  B/W 1/2     W:B       1:2           Time        Value Moves Dep 1:2       1-2-Draws
   4 = =    1.0:1.0        2.0:2.0       9:04:42 AM     0.00    81 13.000 :11.649  1-1-2

--------------------------------------------------------------

Engine-Match Saturday, February 26, 2022 9:04:46 AM
 Blitz 0:10/1 

Pairing 252/253 :    Caissa_0.4_x64_BMI2  -  Tornado

PGN-File: C:\Program Files (x86)\Arena\Tournaments\Season1_League_ALL.pgn

No:  B/W 1/2     W:B       1:2           Time        Value Moves Dep 1:2       1-2-Draws
   4 = =    2.0:2.0        2.0:2.0       9:06:57 AM     0.00    49 12.421 :14.718  0-0-4
