Engine-Match Thursday, February 9, 2023 8:47:34 PM
 Blitz 0:02/1 

Pairing 1/325 :    AI 27.0_ad9b x64m  -  PREDATOR_X5-x86-64-bmi2

PGN-File: C:\Program Files (x86)\Arena\Tournaments\Season2_Stockfish_Clones_Books.pgn

No:  B/W 1/2     W:B       1:2           Time        Value Moves Dep 1:2       1-2-Draws
   1 * *     0.0:0.0        0.0:0.0       8:47:57 PM     0.00    17 22.000 :0 0-0-0

--------------------------------------------------------------

Engine-Match Thursday, February 9, 2023 8:49:01 PM
 Blitz 0:02/1 

Pairing 1/325 :    AI 27.0_ad9b x64m  -  PREDATOR_X5-x86-64-bmi2

PGN-File: C:\Program Files (x86)\Arena\Tournaments\Season2_Stockfish_Clones_Books.pgn

No:  B/W 1/2     W:B       1:2           Time        Value Moves Dep 1:2       1-2-Draws
   1 = =    0.5:0.5        0.5:0.5       8:51:05 PM     0.00    51 22.175 :24.121  0-0-1

--------------------------------------------------------------

Engine-Match Thursday, February 9, 2023 8:51:07 PM
 Blitz 0:02/1 

Pairing 2/325 :    Cfish 010422 [001]  -  Big-ballz_x64_bmi2

PGN-File: C:\Program Files (x86)\Arena\Tournaments\Season2_Stockfish_Clones_Books.pgn

No:  B/W 1/2     W:B       1:2           Time        Value Moves Dep 1:2       1-2-Draws
   1 = =    0.5:0.5        0.5:0.5       8:52:24 PM     0.00    35 26.500 :25.167  0-0-1

--------------------------------------------------------------

Engine-Match Thursday, February 9, 2023 8:52:25 PM
 Blitz 0:02/1 

Pairing 3/325 :    Blue Marlin 15.6-bmi2  -  EMAN 8.70 64-bit BMI2

PGN-File: C:\Program Files (x86)\Arena\Tournaments\Season2_Stockfish_Clones_Books.pgn

No:  B/W 1/2     W:B       1:2           Time        Value Moves Dep 1:2       1-2-Draws
   1 = =    0.5:0.5        0.5:0.5       8:53:53 PM     0.00    36 28.000 :29.000  0-0-1

--------------------------------------------------------------

Engine-Match Thursday, February 9, 2023 8:53:54 PM
 Blitz 0:02/1 

Pairing 4/325 :    Zeus 27.0_ad9b x64m  -  BrainLearn21.1-x86-64-bmi2

PGN-File: C:\Program Files (x86)\Arena\Tournaments\Season2_Stockfish_Clones_Books.pgn

No:  B/W 1/2     W:B       1:2           Time        Value Moves Dep 1:2       1-2-Draws
   1 = =    0.5:0.5        0.5:0.5       8:55:18 PM     0.00    35 29.000 :31.000  0-0-1

--------------------------------------------------------------

Engine-Match Thursday, February 9, 2023 8:55:19 PM
 Blitz 0:02/1 

Pairing 5/325 :    Charisma Saphir-bmi2  -  YuliGM PrO 4

PGN-File: C:\Program Files (x86)\Arena\Tournaments\Season2_Stockfish_Clones_Books.pgn

No:  B/W 1/2     W:B       1:2           Time        Value Moves Dep 1:2       1-2-Draws
   1 * *     0.0:0.0        0.0:0.0       8:55:33 PM     0.00     9 0:19.375  0-0-0

--------------------------------------------------------------

Engine-Match Thursday, February 9, 2023 9:03:16 PM
 Blitz 0:02/1 

Pairing 1/300 :    AI 27.0_ad9b x64m  -  Cfish 010422 [001]

PGN-File: C:\Program Files (x86)\Arena\Tournaments\Season2_Stockfish_Clones_Books.pgn

No:  B/W 1/2     W:B       1:2           Time        Value Moves Dep 1:2       1-2-Draws
   1 = =    0.5:0.5        0.5:0.5       9:04:10 PM     0.00    35 31.333 :32.600  0-0-1

--------------------------------------------------------------

Engine-Match Thursday, February 9, 2023 9:04:12 PM
 Blitz 0:02/1 

Pairing 2/300 :    EMAN 8.70 64-bit BMI2  -  Big-ballz_x64_bmi2

PGN-File: C:\Program Files (x86)\Arena\Tournaments\Season2_Stockfish_Clones_Books.pgn

No:  B/W 1/2     W:B       1:2           Time        Value Moves Dep 1:2       1-2-Draws
   1 = =    0.5:0.5        0.5:0.5       9:05:58 PM     0.00    52 0:0 0-0-1

--------------------------------------------------------------

Engine-Match Thursday, February 9, 2023 9:05:59 PM
 Blitz 0:02/1 

Pairing 3/300 :    Blue Marlin 15.6-bmi2  -  Zeus 27.0_ad9b x64m

PGN-File: C:\Program Files (x86)\Arena\Tournaments\Season2_Stockfish_Clones_Books.pgn

No:  B/W 1/2     W:B       1:2           Time        Value Moves Dep 1:2       1-2-Draws
   1 = =    0.5:0.5        0.5:0.5       9:07:14 PM     0.00    35 26.091 :27.818  0-0-1

--------------------------------------------------------------

Engine-Match Thursday, February 9, 2023 9:07:16 PM
 Blitz 0:02/1 

Pairing 4/300 :    Swordfish 15.3a 64-bit BMI2  -  BrainLearn21.1-x86-64-bmi2

PGN-File: C:\Program Files (x86)\Arena\Tournaments\Season2_Stockfish_Clones_Books.pgn

No:  B/W 1/2     W:B       1:2           Time        Value Moves Dep 1:2       1-2-Draws
   1 = =    0.5:0.5        0.5:0.5       9:08:33 PM     0.00    38 29.091 :30.200  0-0-1

--------------------------------------------------------------

Engine-Match Thursday, February 9, 2023 9:08:35 PM
 Blitz 0:02/1 

Pairing 5/300 :    Charisma Saphir-bmi2  -  SugaR AI 2.50 bmi2

PGN-File: C:\Program Files (x86)\Arena\Tournaments\Season2_Stockfish_Clones_Books.pgn

No:  B/W 1/2     W:B       1:2           Time        Value Moves Dep 1:2       1-2-Draws
   1 = =    0.5:0.5        0.5:0.5       9:10:27 PM     0.00    48 26.524 :28.250  0-0-1

--------------------------------------------------------------

Engine-Match Thursday, February 9, 2023 9:10:35 PM
 Blitz 0:02/1 

Pairing 6/300 :    Stockfish_15_x64_avx2  -  Dark Sister 1.9a_bmi2

PGN-File: C:\Program Files (x86)\Arena\Tournaments\Season2_Stockfish_Clones_Books.pgn

No:  B/W 1/2     W:B       1:2           Time        Value Moves Dep 1:2       1-2-Draws
   1 = =    0.5:0.5        0.5:0.5       9:12:56 PM     0.00    56 24.395 :22.552  0-0-1

--------------------------------------------------------------

Engine-Match Thursday, February 9, 2023 9:12:57 PM
 Blitz 0:02/1 

Pairing 7/300 :    Fat_titz_2_win64-bmi2  -  SpectralByLOBO-bmi2

PGN-File: C:\Program Files (x86)\Arena\Tournaments\Season2_Stockfish_Clones_Books.pgn

No:  B/W 1/2     W:B       1:2           Time        Value Moves Dep 1:2       1-2-Draws
   1 * *     0.0:0.0        0.0:0.0       9:13:34 PM    +0.27    23 23.375 :25.500  0-0-0
