Engine-Match Monday, April 22, 2024 10:31:41 AM
 Blitz 1/1 

Pairing 1/210 :    Igel-x64_bmi2_avx2_3_5_0  -  Lc0 0.31-rc2

PGN-File: C:\Program Files (x86)\Arena\Tournaments\Season4_Top20.pgn

No:  B/W 1/2     W:B       1:2           Time        Value Moves Dep 1:2       1-2-Draws
   1 = =    0.5:0.5        0.5:0.5       10:36:38 AM    -0.06    78 16.762 :7.048  0-0-1

--------------------------------------------------------------

Engine-Match Monday, April 22, 2024 10:36:41 AM
 Blitz 1/1 

Pairing 2/210 :    Obsidian120-avx2-pext  -  Seer_v2.8_x64_avx2_popcnt

PGN-File: C:\Program Files (x86)\Arena\Tournaments\Season4_Top20.pgn

No:  B/W 1/2     W:B       1:2           Time        Value Moves Dep 1:2       1-2-Draws
   1 W 1    1.0:0.0        1.0:0.0       10:40:18 AM    +9.34    48 21.607 :21.321  1-0-0

--------------------------------------------------------------

Engine-Match Monday, April 22, 2024 10:40:20 AM
 Blitz 1/1 

Pairing 3/210 :    Stockfish_24032015_x64_bmi2  -  Uralochka3.41.dev4-avx2

PGN-File: C:\Program Files (x86)\Arena\Tournaments\Season4_Top20.pgn

No:  B/W 1/2     W:B       1:2           Time        Value Moves Dep 1:2       1-2-Draws
   1 W 1    1.0:0.0        1.0:0.0       10:45:01 AM     +M39    70 21.250 :24.667  1-0-0

--------------------------------------------------------------

Engine-Match Monday, April 22, 2024 10:45:03 AM
 Blitz 1/1 

Pairing 4/210 :    PlentyChess-1.0.0-bmi2  -  Berserk-13-avx2-pext

PGN-File: C:\Program Files (x86)\Arena\Tournaments\Season4_Top20.pgn

No:  B/W 1/2     W:B       1:2           Time        Value Moves Dep 1:2       1-2-Draws
   1 = =    0.5:0.5        0.5:0.5       10:49:22 AM     0.00    65 20.593 :23.615  0-0-1

--------------------------------------------------------------

Engine-Match Monday, April 22, 2024 10:49:24 AM
 Blitz 1/1 

Pairing 5/210 :    Caissa-1.18-x64-avx2-bmi2  -  RofChade 3.1

PGN-File: C:\Program Files (x86)\Arena\Tournaments\Season4_Top20.pgn

No:  B/W 1/2     W:B       1:2           Time        Value Moves Dep 1:2       1-2-Draws
   1 = =    0.5:0.5        0.5:0.5       10:53:21 AM    -0.01    58 23.242 :19.156  0-0-1

--------------------------------------------------------------

Engine-Match Monday, April 22, 2024 10:53:23 AM
 Blitz 1/1 

Pairing 6/210 :    Ethereal-14.25-pext-avx2  -  Dragon 3.3-64bit-avx2

PGN-File: C:\Program Files (x86)\Arena\Tournaments\Season4_Top20.pgn

No:  B/W 1/2     W:B       1:2           Time        Value Moves Dep 1:2       1-2-Draws
   1 B 2    1.0:0.0        0.0:1.0       10:58:09 AM   -16.16    70 19.667 :19.769  0-1-0

--------------------------------------------------------------

Engine-Match Monday, April 22, 2024 10:58:11 AM
 Blitz 1/1 

Pairing 7/210 :    Koivisto_9.2-windows-avx2-pgo-pext  -  Viridithas-12.0.0-x86_64-win-v3

PGN-File: C:\Program Files (x86)\Arena\Tournaments\Season4_Top20.pgn

No:  B/W 1/2     W:B       1:2           Time        Value Moves Dep 1:2       1-2-Draws
   1 W 1    1.0:0.0        1.0:0.0       11:03:59 AM      +M8   120 23.368 :20.556  1-0-0

--------------------------------------------------------------

Engine-Match Monday, April 22, 2024 11:04:01 AM
 Blitz 1/1 

Pairing 8/210 :    Blackmarlin-9.0-windows-x86-64-v3  -  Clover.6.1-avx2

PGN-File: C:\Program Files (x86)\Arena\Tournaments\Season4_Top20.pgn

No:  B/W 1/2     W:B       1:2           Time        Value Moves Dep 1:2       1-2-Draws
   1 = =    0.5:0.5        0.5:0.5       11:06:39 AM    -0.01    29 24.667 :28.190  0-0-1

--------------------------------------------------------------

Engine-Match Monday, April 22, 2024 11:06:41 AM
 Blitz 1/1 

Pairing 9/210 :    CSTal-2.00-v21-E1019-Elo.opt-avx2  -  Revenge_3_(Pedone)_avx2

PGN-File: C:\Program Files (x86)\Arena\Tournaments\Season4_Top20.pgn

No:  B/W 1/2     W:B       1:2           Time        Value Moves Dep 1:2       1-2-Draws
   1 = =    0.5:0.5        0.5:0.5       11:09:06 AM    +0.01    34 17.111 :20.529  0-0-1

--------------------------------------------------------------

Engine-Match Monday, April 22, 2024 11:09:08 AM
 Blitz 1/1 

Pairing 10/210 :    RubiChess-20240112_x86-64-bmi2  -  Rebel-16.3

PGN-File: C:\Program Files (x86)\Arena\Tournaments\Season4_Top20.pgn

No:  B/W 1/2     W:B       1:2           Time        Value Moves Dep 1:2       1-2-Draws
   1 = =    0.5:0.5        0.5:0.5       11:17:44 AM     0.00   171 20.741 :17.385  0-0-1

--------------------------------------------------------------

Engine-Match Monday, April 22, 2024 11:17:56 AM
 Blitz 1/1 

Pairing 11/210 :    Alexandria-6.1.0-avx2  -  Obsidian120-avx2-pext

PGN-File: C:\Program Files (x86)\Arena\Tournaments\Season4_Top20.pgn

No:  B/W 1/2     W:B       1:2           Time        Value Moves Dep 1:2       1-2-Draws
   1 B 2    1.0:0.0        0.0:1.0       11:23:13 AM   -11.56   100 24.385 :23.385  0-1-0

--------------------------------------------------------------

Engine-Match Monday, April 22, 2024 11:23:14 AM
 Blitz 1/1 

Pairing 12/210 :    Uralochka3.41.dev4-avx2  -  Igel-x64_bmi2_avx2_3_5_0

PGN-File: C:\Program Files (x86)\Arena\Tournaments\Season4_Top20.pgn

No:  B/W 1/2     W:B       1:2           Time        Value Moves Dep 1:2       1-2-Draws
   1 = =    0.5:0.5        0.5:0.5       11:26:30 AM     0.00    43 25.231 :20.615  0-0-1

--------------------------------------------------------------

Engine-Match Monday, April 22, 2024 11:26:32 AM
 Blitz 1/1 

Pairing 13/210 :    Seer_v2.8_x64_avx2_popcnt  -  PlentyChess-1.0.0-bmi2

PGN-File: C:\Program Files (x86)\Arena\Tournaments\Season4_Top20.pgn

No:  B/W 1/2     W:B       1:2           Time        Value Moves Dep 1:2       1-2-Draws
   1 = =    0.5:0.5        0.5:0.5       11:29:17 AM     0.00    33 23.333 :24.708  0-0-1

--------------------------------------------------------------

Engine-Match Monday, April 22, 2024 11:29:18 AM
 Blitz 1/1 

Pairing 14/210 :    RofChade 3.1  -  Stockfish_24032015_x64_bmi2

PGN-File: C:\Program Files (x86)\Arena\Tournaments\Season4_Top20.pgn

No:  B/W 1/2     W:B       1:2           Time        Value Moves Dep 1:2       1-2-Draws
   1 = =    0.5:0.5        0.5:0.5       11:35:50 AM     0.00   117 18.235 :24.333  0-0-1

--------------------------------------------------------------

Engine-Match Monday, April 22, 2024 11:35:52 AM
 Blitz 1/1 

Pairing 15/210 :    Berserk-13-avx2-pext  -  Ethereal-14.25-pext-avx2

PGN-File: C:\Program Files (x86)\Arena\Tournaments\Season4_Top20.pgn

No:  B/W 1/2     W:B       1:2           Time        Value Moves Dep 1:2       1-2-Draws
   1 = =    0.5:0.5        0.5:0.5       11:40:03 AM     0.00    55 25.720 :23.400  0-0-1

--------------------------------------------------------------

Engine-Match Monday, April 22, 2024 11:40:05 AM
 Blitz 1/1 

Pairing 16/210 :    Viridithas-12.0.0-x86_64-win-v3  -  Caissa-1.18-x64-avx2-bmi2

PGN-File: C:\Program Files (x86)\Arena\Tournaments\Season4_Top20.pgn

No:  B/W 1/2     W:B       1:2           Time        Value Moves Dep 1:2       1-2-Draws
   1 = =    0.5:0.5        0.5:0.5       11:44:13 AM     0.00    64 21.318 :22.500  0-0-1

--------------------------------------------------------------

Engine-Match Monday, April 22, 2024 11:44:14 AM
 Blitz 1/1 

Pairing 17/210 :    Dragon 3.3-64bit-avx2  -  Blackmarlin-9.0-windows-x86-64-v3

PGN-File: C:\Program Files (x86)\Arena\Tournaments\Season4_Top20.pgn

No:  B/W 1/2     W:B       1:2           Time        Value Moves Dep 1:2       1-2-Draws
   1 W 1    1.0:0.0        1.0:0.0       11:49:00 AM   +15.53    72 20.906 :18.476  1-0-0

--------------------------------------------------------------

Engine-Match Monday, April 22, 2024 11:49:02 AM
 Blitz 1/1 

Pairing 18/210 :    Revenge_3_(Pedone)_avx2  -  Koivisto_9.2-windows-avx2-pgo-pext

PGN-File: C:\Program Files (x86)\Arena\Tournaments\Season4_Top20.pgn

No:  B/W 1/2     W:B       1:2           Time        Value Moves Dep 1:2       1-2-Draws
   1 = =    0.5:0.5        0.5:0.5       11:53:28 AM     0.00    65 21.500 :22.048  0-0-1

--------------------------------------------------------------

Engine-Match Monday, April 22, 2024 11:53:30 AM
 Blitz 1/1 

Pairing 19/210 :    Clover.6.1-avx2  -  RubiChess-20240112_x86-64-bmi2

PGN-File: C:\Program Files (x86)\Arena\Tournaments\Season4_Top20.pgn

No:  B/W 1/2     W:B       1:2           Time        Value Moves Dep 1:2       1-2-Draws
   1 = =    0.5:0.5        0.5:0.5       11:58:48 AM     0.00    86 19.704 :20.094  0-0-1

--------------------------------------------------------------

Engine-Match Monday, April 22, 2024 11:58:50 AM
 Blitz 1/1 

Pairing 20/210 :    Rebel-16.3  -  CSTal-2.00-v21-E1019-Elo.opt-avx2

PGN-File: C:\Program Files (x86)\Arena\Tournaments\Season4_Top20.pgn

No:  B/W 1/2     W:B       1:2           Time        Value Moves Dep 1:2       1-2-Draws
   1 = =    0.5:0.5        0.5:0.5       12:01:02 PM     0.00    35 16.333 :15.593  0-0-1

--------------------------------------------------------------

Engine-Match Monday, April 22, 2024 12:01:15 PM
 Blitz 1/1 

Pairing 21/210 :    Lc0 0.31-rc2  -  Uralochka3.41.dev4-avx2

PGN-File: C:\Program Files (x86)\Arena\Tournaments\Season4_Top20.pgn

No:  B/W 1/2     W:B       1:2           Time        Value Moves Dep 1:2       1-2-Draws
   1 = =    0.5:0.5        0.5:0.5       12:06:47 PM     0.00    93 7.071 :23.661  0-0-1

--------------------------------------------------------------

Engine-Match Monday, April 22, 2024 12:06:49 PM
 Blitz 1/1 

Pairing 22/210 :    PlentyChess-1.0.0-bmi2  -  Alexandria-6.1.0-avx2

PGN-File: C:\Program Files (x86)\Arena\Tournaments\Season4_Top20.pgn

No:  B/W 1/2     W:B       1:2           Time        Value Moves Dep 1:2       1-2-Draws
   1 = =    0.5:0.5        0.5:0.5       12:10:53 PM    +0.04    64 22.143 :23.500  0-0-1

--------------------------------------------------------------

Engine-Match Monday, April 22, 2024 12:10:55 PM
 Blitz 1/1 

Pairing 23/210 :    Igel-x64_bmi2_avx2_3_5_0  -  RofChade 3.1

PGN-File: C:\Program Files (x86)\Arena\Tournaments\Season4_Top20.pgn

No:  B/W 1/2     W:B       1:2           Time        Value Moves Dep 1:2       1-2-Draws
   1 = =    0.5:0.5        0.5:0.5       12:15:47 PM    +0.01    78 18.639 :17.400  0-0-1

--------------------------------------------------------------

Engine-Match Monday, April 22, 2024 12:15:48 PM
 Blitz 1/1 

Pairing 24/210 :    Ethereal-14.25-pext-avx2  -  Seer_v2.8_x64_avx2_popcnt

PGN-File: C:\Program Files (x86)\Arena\Tournaments\Season4_Top20.pgn

No:  B/W 1/2     W:B       1:2           Time        Value Moves Dep 1:2       1-2-Draws
   1 = =    0.5:0.5        0.5:0.5       12:20:04 PM     0.00    60 21.391 :19.727  0-0-1

--------------------------------------------------------------

Engine-Match Monday, April 22, 2024 12:20:06 PM
 Blitz 1/1 

Pairing 25/210 :    Stockfish_24032015_x64_bmi2  -  Viridithas-12.0.0-x86_64-win-v3

PGN-File: C:\Program Files (x86)\Arena\Tournaments\Season4_Top20.pgn

No:  B/W 1/2     W:B       1:2           Time        Value Moves Dep 1:2       1-2-Draws
   1 = =    0.5:0.5        0.5:0.5       12:25:09 PM     0.00    86 21.410 :19.949  0-0-1

--------------------------------------------------------------

Engine-Match Monday, April 22, 2024 12:25:11 PM
 Blitz 1/1 

Pairing 26/210 :    Blackmarlin-9.0-windows-x86-64-v3  -  Berserk-13-avx2-pext

PGN-File: C:\Program Files (x86)\Arena\Tournaments\Season4_Top20.pgn

No:  B/W 1/2     W:B       1:2           Time        Value Moves Dep 1:2       1-2-Draws
   1 B 2    1.0:0.0        0.0:1.0       12:30:51 PM    -M402    95 18.436 :22.590  0-1-0

--------------------------------------------------------------

Engine-Match Monday, April 22, 2024 12:30:53 PM
 Blitz 1/1 

Pairing 27/210 :    Caissa-1.18-x64-avx2-bmi2  -  Revenge_3_(Pedone)_avx2

PGN-File: C:\Program Files (x86)\Arena\Tournaments\Season4_Top20.pgn

No:  B/W 1/2     W:B       1:2           Time        Value Moves Dep 1:2       1-2-Draws
   1 = =    0.5:0.5        0.5:0.5       12:35:11 PM     0.00    61 20.667 :20.133  0-0-1

--------------------------------------------------------------

Engine-Match Monday, April 22, 2024 12:35:13 PM
 Blitz 1/1 

Pairing 28/210 :    RubiChess-20240112_x86-64-bmi2  -  Dragon 3.3-64bit-avx2

PGN-File: C:\Program Files (x86)\Arena\Tournaments\Season4_Top20.pgn

No:  B/W 1/2     W:B       1:2           Time        Value Moves Dep 1:2       1-2-Draws
   1 B 2    1.0:0.0        0.0:1.0       12:41:21 PM      -M9   105 19.765 :21.833  0-1-0

--------------------------------------------------------------

Engine-Match Monday, April 22, 2024 12:41:23 PM
 Blitz 1/1 

Pairing 29/210 :    Koivisto_9.2-windows-avx2-pgo-pext  -  Rebel-16.3

PGN-File: C:\Program Files (x86)\Arena\Tournaments\Season4_Top20.pgn

No:  B/W 1/2     W:B       1:2           Time        Value Moves Dep 1:2       1-2-Draws
   1 W 1    1.0:0.0        1.0:0.0       12:44:57 PM   +16.88    50 21.276 :17.759  1-0-0

--------------------------------------------------------------

Engine-Match Monday, April 22, 2024 12:44:59 PM
 Blitz 1/1 

Pairing 30/210 :    CSTal-2.00-v21-E1019-Elo.opt-avx2  -  Clover.6.1-avx2

PGN-File: C:\Program Files (x86)\Arena\Tournaments\Season4_Top20.pgn

No:  B/W 1/2     W:B       1:2           Time        Value Moves Dep 1:2       1-2-Draws
   1 W 1    1.0:0.0        1.0:0.0       12:49:19 PM  +284.41    64 17.167 :20.057  1-0-0

--------------------------------------------------------------

Engine-Match Monday, April 22, 2024 12:49:33 PM
 Blitz 1/1 

Pairing 31/210 :    Obsidian120-avx2-pext  -  PlentyChess-1.0.0-bmi2

PGN-File: C:\Program Files (x86)\Arena\Tournaments\Season4_Top20.pgn

No:  B/W 1/2     W:B       1:2           Time        Value Moves Dep 1:2       1-2-Draws
   1 W 1    1.0:0.0        1.0:0.0       12:53:49 PM   +11.53    60 19.533 :20.138  1-0-0

--------------------------------------------------------------

Engine-Match Monday, April 22, 2024 12:53:51 PM
 Blitz 1/1 

Pairing 32/210 :    RofChade 3.1  -  Lc0 0.31-rc2

PGN-File: C:\Program Files (x86)\Arena\Tournaments\Season4_Top20.pgn

No:  B/W 1/2     W:B       1:2           Time        Value Moves Dep 1:2       1-2-Draws
   1 = =    0.5:0.5        0.5:0.5       12:59:03 PM     0.00    84 18.500 :9.000  0-0-1

--------------------------------------------------------------

Engine-Match Monday, April 22, 2024 12:59:06 PM
 Blitz 1/1 

Pairing 33/210 :    Alexandria-6.1.0-avx2  -  Ethereal-14.25-pext-avx2

PGN-File: C:\Program Files (x86)\Arena\Tournaments\Season4_Top20.pgn

No:  B/W 1/2     W:B       1:2           Time        Value Moves Dep 1:2       1-2-Draws
   1 = =    0.5:0.5        0.5:0.5       1:03:27 PM     0.00    68 23.813 :23.533  0-0-1

--------------------------------------------------------------

Engine-Match Monday, April 22, 2024 1:03:29 PM
 Blitz 1/1 

Pairing 34/210 :    Viridithas-12.0.0-x86_64-win-v3  -  Igel-x64_bmi2_avx2_3_5_0

PGN-File: C:\Program Files (x86)\Arena\Tournaments\Season4_Top20.pgn

No:  B/W 1/2     W:B       1:2           Time        Value Moves Dep 1:2       1-2-Draws
   1 = =    0.5:0.5        0.5:0.5       1:07:01 PM     0.00    51 20.684 :19.111  0-0-1

--------------------------------------------------------------

Engine-Match Monday, April 22, 2024 1:07:03 PM
 Blitz 1/1 

Pairing 35/210 :    Seer_v2.8_x64_avx2_popcnt  -  Blackmarlin-9.0-windows-x86-64-v3

PGN-File: C:\Program Files (x86)\Arena\Tournaments\Season4_Top20.pgn

No:  B/W 1/2     W:B       1:2           Time        Value Moves Dep 1:2       1-2-Draws
   1 = =    0.5:0.5        0.5:0.5       1:17:02 PM     0.00   203 20.806 :19.667  0-0-1

--------------------------------------------------------------

Engine-Match Monday, April 22, 2024 1:17:04 PM
 Blitz 1/1 

Pairing 36/210 :    Revenge_3_(Pedone)_avx2  -  Stockfish_24032015_x64_bmi2

PGN-File: C:\Program Files (x86)\Arena\Tournaments\Season4_Top20.pgn

No:  B/W 1/2     W:B       1:2           Time        Value Moves Dep 1:2       1-2-Draws
   1 B 2    1.0:0.0        0.0:1.0       1:21:05 PM   -14.75    53 19.596 :20.104  0-1-0

--------------------------------------------------------------

Engine-Match Monday, April 22, 2024 1:21:07 PM
 Blitz 1/1 

Pairing 37/210 :    Berserk-13-avx2-pext  -  RubiChess-20240112_x86-64-bmi2

PGN-File: C:\Program Files (x86)\Arena\Tournaments\Season4_Top20.pgn

No:  B/W 1/2     W:B       1:2           Time        Value Moves Dep 1:2       1-2-Draws
   1 W 1    1.0:0.0        1.0:0.0       1:26:18 PM  +129.98    84 22.551 :20.396  1-0-0

--------------------------------------------------------------

Engine-Match Monday, April 22, 2024 1:26:20 PM
 Blitz 1/1 

Pairing 38/210 :    Rebel-16.3  -  Caissa-1.18-x64-avx2-bmi2

PGN-File: C:\Program Files (x86)\Arena\Tournaments\Season4_Top20.pgn

No:  B/W 1/2     W:B       1:2           Time        Value Moves Dep 1:2       1-2-Draws
   1 W 1    1.0:0.0        1.0:0.0       1:29:26 PM      +M4    39 17.037 :18.385  1-0-0

--------------------------------------------------------------

Engine-Match Monday, April 22, 2024 1:29:28 PM
 Blitz 1/1 

Pairing 39/210 :    Dragon 3.3-64bit-avx2  -  CSTal-2.00-v21-E1019-Elo.opt-avx2

PGN-File: C:\Program Files (x86)\Arena\Tournaments\Season4_Top20.pgn

No:  B/W 1/2     W:B       1:2           Time        Value Moves Dep 1:2       1-2-Draws
   1 * *     0.0:0.0        0.0:0.0       1:32:23 PM    +2.84    36 20.310 :18.037  0-0-0
