Engine-Match Thursday, April 6, 2023 10:01:29 PM
 Blitz 1/1 

Pairing 1/903 :    Zahak-10.0-avx  -  Tucano 10.0

PGN-File: C:\Program Files (x86)\Arena\Tournaments\Season2_League_ALL_New.pgn

No:  B/W 1/2     W:B       1:2           Time        Value Moves Dep 1:2       1-2-Draws
   1 B 2    1.0:0.0        0.0:1.0       10:06:27 PM      -M6    73 17.660 :18.491  0-1-0

--------------------------------------------------------------

Engine-Match Thursday, April 6, 2023 10:11:43 PM
 Blitz 1/1 

Pairing 22/903 :    Don 200819  -  Gogobello_win_avx2

PGN-File: C:\Program Files (x86)\Arena\Tournaments\Season2_League_ALL_New.pgn

No:  B/W 1/2     W:B       1:2           Time        Value Moves Dep 1:2       1-2-Draws
   1 B 2    1.0:0.0        0.0:1.0       10:15:49 PM   -10.94    55 18.235 :17.294  0-1-0

--------------------------------------------------------------

Engine-Match Thursday, April 6, 2023 10:16:01 PM
 Blitz 1/1 

Pairing 43/903 :    Tucano 10.0  -  Xiphos-0.6.1-w64-bmi2

PGN-File: C:\Program Files (x86)\Arena\Tournaments\Season2_League_ALL_New.pgn

No:  B/W 1/2     W:B       1:2           Time        Value Moves Dep 1:2       1-2-Draws
   1 W 1    1.0:0.0        1.0:0.0       10:19:19 PM   +13.16    43 17.605 :18.093  1-0-0

--------------------------------------------------------------

Engine-Match Thursday, April 6, 2023 10:20:00 PM
 Blitz 1/1 

Pairing 44/903 :    Toga411-avx2  -  Don 200819

PGN-File: C:\Program Files (x86)\Arena\Tournaments\Season2_League_ALL_New.pgn

No:  B/W 1/2     W:B       1:2           Time        Value Moves Dep 1:2       1-2-Draws
   1 * *     0.0:0.0        0.0:0.0       10:22:05 PM    +0.72    23 12.478 :17.545  0-0-0
